{"/home/usuario/prct05-objects-classes-interfaces-AMM011/src/ejercicio-1/Combat.ts": {"path":"/home/usuario/prct05-objects-classes-interfaces-AMM011/src/ejercicio-1/Combat.ts","all":false,"statementMap":{"3":{"start":{"line":4,"column":0},"end":{"line":4,"column":21}},"5":{"start":{"line":6,"column":0},"end":{"line":6,"column":32}},"6":{"start":{"line":7,"column":0},"end":{"line":7,"column":32}},"16":{"start":{"line":17,"column":0},"end":{"line":17,"column":95}},"17":{"start":{"line":18,"column":0},"end":{"line":18,"column":77}},"18":{"start":{"line":19,"column":0},"end":{"line":19,"column":5}},"28":{"start":{"line":29,"column":0},"end":{"line":29,"column":85}},"29":{"start":{"line":30,"column":0},"end":{"line":30,"column":77}},"30":{"start":{"line":31,"column":0},"end":{"line":31,"column":66}},"31":{"start":{"line":32,"column":0},"end":{"line":32,"column":68}},"32":{"start":{"line":33,"column":0},"end":{"line":33,"column":66}},"33":{"start":{"line":34,"column":0},"end":{"line":34,"column":63}},"34":{"start":{"line":35,"column":0},"end":{"line":35,"column":10}},"36":{"start":{"line":37,"column":0},"end":{"line":37,"column":62}},"37":{"start":{"line":38,"column":0},"end":{"line":38,"column":5}},"46":{"start":{"line":47,"column":0},"end":{"line":47,"column":55}},"47":{"start":{"line":48,"column":0},"end":{"line":48,"column":33}},"48":{"start":{"line":49,"column":0},"end":{"line":49,"column":33}},"49":{"start":{"line":50,"column":0},"end":{"line":50,"column":5}},"57":{"start":{"line":58,"column":0},"end":{"line":58,"column":21}},"59":{"start":{"line":60,"column":0},"end":{"line":60,"column":32}},"62":{"start":{"line":63,"column":0},"end":{"line":63,"column":57}},"63":{"start":{"line":64,"column":0},"end":{"line":64,"column":57}},"66":{"start":{"line":67,"column":0},"end":{"line":67,"column":90}},"67":{"start":{"line":68,"column":0},"end":{"line":68,"column":90}},"70":{"start":{"line":71,"column":0},"end":{"line":71,"column":48}},"71":{"start":{"line":72,"column":0},"end":{"line":72,"column":48}},"73":{"start":{"line":74,"column":0},"end":{"line":74,"column":40}},"75":{"start":{"line":76,"column":0},"end":{"line":76,"column":91}},"77":{"start":{"line":78,"column":0},"end":{"line":78,"column":28}},"80":{"start":{"line":81,"column":0},"end":{"line":81,"column":104}},"83":{"start":{"line":84,"column":0},"end":{"line":84,"column":29}},"84":{"start":{"line":85,"column":0},"end":{"line":85,"column":92}},"85":{"start":{"line":86,"column":0},"end":{"line":86,"column":22}},"86":{"start":{"line":87,"column":0},"end":{"line":87,"column":13}},"89":{"start":{"line":90,"column":0},"end":{"line":90,"column":88}},"92":{"start":{"line":93,"column":0},"end":{"line":93,"column":87}},"93":{"start":{"line":94,"column":0},"end":{"line":94,"column":28}},"95":{"start":{"line":96,"column":0},"end":{"line":96,"column":104}},"97":{"start":{"line":98,"column":0},"end":{"line":98,"column":29}},"98":{"start":{"line":99,"column":0},"end":{"line":99,"column":92}},"99":{"start":{"line":100,"column":0},"end":{"line":100,"column":22}},"100":{"start":{"line":101,"column":0},"end":{"line":101,"column":13}},"102":{"start":{"line":103,"column":0},"end":{"line":103,"column":88}},"103":{"start":{"line":104,"column":0},"end":{"line":104,"column":9}},"105":{"start":{"line":106,"column":0},"end":{"line":106,"column":22}},"106":{"start":{"line":107,"column":0},"end":{"line":107,"column":5}},"107":{"start":{"line":108,"column":0},"end":{"line":108,"column":1}}},"s":{"3":1,"5":1,"6":2,"16":1,"17":2,"18":2,"28":1,"29":4,"30":4,"31":4,"32":4,"33":4,"34":4,"36":4,"37":4,"46":1,"47":2,"48":2,"49":2,"57":1,"59":2,"62":2,"63":2,"66":2,"67":2,"70":2,"71":2,"73":2,"75":2,"77":2,"80":2,"83":2,"84":2,"85":2,"86":2,"89":0,"92":0,"93":0,"95":0,"97":0,"98":0,"99":0,"100":0,"102":0,"103":0,"105":2,"106":2,"107":1},"branchMap":{"0":{"type":"branch","line":6,"loc":{"start":{"line":6,"column":14},"end":{"line":7,"column":32}},"locations":[{"start":{"line":6,"column":14},"end":{"line":7,"column":32}}]},"1":{"type":"branch","line":17,"loc":{"start":{"line":17,"column":12},"end":{"line":19,"column":5}},"locations":[{"start":{"line":17,"column":12},"end":{"line":19,"column":5}}]},"2":{"type":"branch","line":29,"loc":{"start":{"line":29,"column":12},"end":{"line":38,"column":5}},"locations":[{"start":{"line":29,"column":12},"end":{"line":38,"column":5}}]},"3":{"type":"branch","line":37,"loc":{"start":{"line":37,"column":55},"end":{"line":37,"column":62}},"locations":[{"start":{"line":37,"column":55},"end":{"line":37,"column":62}}]},"4":{"type":"branch","line":47,"loc":{"start":{"line":47,"column":4},"end":{"line":50,"column":5}},"locations":[{"start":{"line":47,"column":4},"end":{"line":50,"column":5}}]},"5":{"type":"branch","line":58,"loc":{"start":{"line":58,"column":4},"end":{"line":107,"column":5}},"locations":[{"start":{"line":58,"column":4},"end":{"line":107,"column":5}}]},"6":{"type":"branch","line":87,"loc":{"start":{"line":87,"column":12},"end":{"line":104,"column":9}},"locations":[{"start":{"line":87,"column":12},"end":{"line":104,"column":9}}]}},"b":{"0":[2],"1":[2],"2":[4],"3":[0],"4":[2],"5":[2],"6":[0]},"fnMap":{"0":{"name":"<instance_members_initializer>","decl":{"start":{"line":6,"column":14},"end":{"line":7,"column":32}},"loc":{"start":{"line":6,"column":14},"end":{"line":7,"column":32}},"line":6},"1":{"name":"realizarAtaque","decl":{"start":{"line":17,"column":12},"end":{"line":19,"column":5}},"loc":{"start":{"line":17,"column":12},"end":{"line":19,"column":5}},"line":17},"2":{"name":"calcularEfectividad","decl":{"start":{"line":29,"column":12},"end":{"line":38,"column":5}},"loc":{"start":{"line":29,"column":12},"end":{"line":38,"column":5}},"line":29},"3":{"name":"Combat","decl":{"start":{"line":47,"column":4},"end":{"line":50,"column":5}},"loc":{"start":{"line":47,"column":4},"end":{"line":50,"column":5}},"line":47},"4":{"name":"start","decl":{"start":{"line":58,"column":4},"end":{"line":107,"column":5}},"loc":{"start":{"line":58,"column":4},"end":{"line":107,"column":5}},"line":58}},"f":{"0":2,"1":2,"2":4,"3":2,"4":2}}
,"/home/usuario/prct05-objects-classes-interfaces-AMM011/src/ejercicio-1/Pokedex.ts": {"path":"/home/usuario/prct05-objects-classes-interfaces-AMM011/src/ejercicio-1/Pokedex.ts","all":false,"statementMap":{"5":{"start":{"line":6,"column":0},"end":{"line":6,"column":22}},"7":{"start":{"line":8,"column":0},"end":{"line":8,"column":31}},"14":{"start":{"line":15,"column":0},"end":{"line":15,"column":37}},"15":{"start":{"line":16,"column":0},"end":{"line":16,"column":31}},"16":{"start":{"line":17,"column":0},"end":{"line":17,"column":5}},"24":{"start":{"line":25,"column":0},"end":{"line":25,"column":44}},"25":{"start":{"line":26,"column":0},"end":{"line":26,"column":71}},"26":{"start":{"line":27,"column":0},"end":{"line":27,"column":39}},"27":{"start":{"line":28,"column":0},"end":{"line":28,"column":16}},"28":{"start":{"line":29,"column":0},"end":{"line":29,"column":80}},"29":{"start":{"line":30,"column":0},"end":{"line":30,"column":9}},"30":{"start":{"line":31,"column":0},"end":{"line":31,"column":5}},"38":{"start":{"line":39,"column":0},"end":{"line":39,"column":30}},"40":{"start":{"line":41,"column":0},"end":{"line":41,"column":40}},"43":{"start":{"line":44,"column":0},"end":{"line":44,"column":43}},"44":{"start":{"line":45,"column":0},"end":{"line":45,"column":47}},"45":{"start":{"line":46,"column":0},"end":{"line":46,"column":11}},"48":{"start":{"line":49,"column":0},"end":{"line":49,"column":28}},"52":{"start":{"line":53,"column":0},"end":{"line":53,"column":5}},"61":{"start":{"line":62,"column":0},"end":{"line":62,"column":63}},"63":{"start":{"line":64,"column":0},"end":{"line":64,"column":46}},"66":{"start":{"line":67,"column":0},"end":{"line":67,"column":43}},"67":{"start":{"line":68,"column":0},"end":{"line":68,"column":72}},"68":{"start":{"line":69,"column":0},"end":{"line":69,"column":11}},"71":{"start":{"line":72,"column":0},"end":{"line":72,"column":28}},"75":{"start":{"line":76,"column":0},"end":{"line":76,"column":5}},"84":{"start":{"line":85,"column":0},"end":{"line":85,"column":44}},"85":{"start":{"line":86,"column":0},"end":{"line":86,"column":72}},"86":{"start":{"line":87,"column":0},"end":{"line":87,"column":5}},"87":{"start":{"line":88,"column":0},"end":{"line":88,"column":1}}},"s":{"5":1,"7":1,"14":1,"15":6,"16":6,"24":1,"25":4,"26":4,"27":4,"28":0,"29":0,"30":4,"38":1,"40":1,"43":1,"44":2,"45":1,"48":1,"52":1,"61":1,"63":1,"66":1,"67":2,"68":1,"71":1,"75":1,"84":1,"85":1,"86":1,"87":1},"branchMap":{"0":{"type":"branch","line":8,"loc":{"start":{"line":8,"column":12},"end":{"line":8,"column":31}},"locations":[{"start":{"line":8,"column":12},"end":{"line":8,"column":31}}]},"1":{"type":"branch","line":15,"loc":{"start":{"line":15,"column":4},"end":{"line":17,"column":5}},"locations":[{"start":{"line":15,"column":4},"end":{"line":17,"column":5}}]},"2":{"type":"branch","line":25,"loc":{"start":{"line":25,"column":4},"end":{"line":31,"column":5}},"locations":[{"start":{"line":25,"column":4},"end":{"line":31,"column":5}}]},"3":{"type":"branch","line":28,"loc":{"start":{"line":28,"column":8},"end":{"line":30,"column":9}},"locations":[{"start":{"line":28,"column":8},"end":{"line":30,"column":9}}]},"4":{"type":"branch","line":26,"loc":{"start":{"line":26,"column":31},"end":{"line":26,"column":67}},"locations":[{"start":{"line":26,"column":31},"end":{"line":26,"column":67}}]},"5":{"type":"branch","line":39,"loc":{"start":{"line":39,"column":4},"end":{"line":53,"column":5}},"locations":[{"start":{"line":39,"column":4},"end":{"line":53,"column":5}}]},"6":{"type":"branch","line":44,"loc":{"start":{"line":44,"column":29},"end":{"line":46,"column":9}},"locations":[{"start":{"line":44,"column":29},"end":{"line":46,"column":9}}]},"7":{"type":"branch","line":62,"loc":{"start":{"line":62,"column":4},"end":{"line":76,"column":5}},"locations":[{"start":{"line":62,"column":4},"end":{"line":76,"column":5}}]},"8":{"type":"branch","line":67,"loc":{"start":{"line":67,"column":29},"end":{"line":69,"column":9}},"locations":[{"start":{"line":67,"column":29},"end":{"line":69,"column":9}}]},"9":{"type":"branch","line":68,"loc":{"start":{"line":68,"column":49},"end":{"line":68,"column":72}},"locations":[{"start":{"line":68,"column":49},"end":{"line":68,"column":72}}]},"10":{"type":"branch","line":85,"loc":{"start":{"line":85,"column":4},"end":{"line":87,"column":5}},"locations":[{"start":{"line":85,"column":4},"end":{"line":87,"column":5}}]},"11":{"type":"branch","line":86,"loc":{"start":{"line":86,"column":35},"end":{"line":86,"column":70}},"locations":[{"start":{"line":86,"column":35},"end":{"line":86,"column":70}}]}},"b":{"0":[6],"1":[6],"2":[4],"3":[0],"4":[5],"5":[1],"6":[2],"7":[1],"8":[2],"9":[1],"10":[1],"11":[3]},"fnMap":{"0":{"name":"<instance_members_initializer>","decl":{"start":{"line":8,"column":12},"end":{"line":8,"column":31}},"loc":{"start":{"line":8,"column":12},"end":{"line":8,"column":31}},"line":8},"1":{"name":"Pokedex","decl":{"start":{"line":15,"column":4},"end":{"line":17,"column":5}},"loc":{"start":{"line":15,"column":4},"end":{"line":17,"column":5}},"line":15},"2":{"name":"agregarPokemon","decl":{"start":{"line":25,"column":4},"end":{"line":31,"column":5}},"loc":{"start":{"line":25,"column":4},"end":{"line":31,"column":5}},"line":25},"3":{"name":"mostrarTodos","decl":{"start":{"line":39,"column":4},"end":{"line":53,"column":5}},"loc":{"start":{"line":39,"column":4},"end":{"line":53,"column":5}},"line":39},"4":{"name":"buscarPorNombre","decl":{"start":{"line":62,"column":4},"end":{"line":76,"column":5}},"loc":{"start":{"line":62,"column":4},"end":{"line":76,"column":5}},"line":62},"5":{"name":"buscarPorTipo","decl":{"start":{"line":85,"column":4},"end":{"line":87,"column":5}},"loc":{"start":{"line":85,"column":4},"end":{"line":87,"column":5}},"line":85}},"f":{"0":6,"1":6,"2":4,"3":1,"4":1,"5":1}}
,"/home/usuario/prct05-objects-classes-interfaces-AMM011/src/ejercicio-1/Pokemon.ts": {"path":"/home/usuario/prct05-objects-classes-interfaces-AMM011/src/ejercicio-1/Pokemon.ts","all":false,"statementMap":{"7":{"start":{"line":8,"column":0},"end":{"line":8,"column":22}},"9":{"start":{"line":10,"column":0},"end":{"line":10,"column":34}},"10":{"start":{"line":11,"column":0},"end":{"line":11,"column":36}},"11":{"start":{"line":12,"column":0},"end":{"line":12,"column":36}},"12":{"start":{"line":13,"column":0},"end":{"line":13,"column":34}},"13":{"start":{"line":14,"column":0},"end":{"line":14,"column":41}},"25":{"start":{"line":26,"column":0},"end":{"line":26,"column":98}},"26":{"start":{"line":27,"column":0},"end":{"line":27,"column":28}},"27":{"start":{"line":28,"column":0},"end":{"line":28,"column":74}},"28":{"start":{"line":29,"column":0},"end":{"line":29,"column":9}},"29":{"start":{"line":30,"column":0},"end":{"line":30,"column":25}},"30":{"start":{"line":31,"column":0},"end":{"line":31,"column":29}},"31":{"start":{"line":32,"column":0},"end":{"line":32,"column":29}},"32":{"start":{"line":33,"column":0},"end":{"line":33,"column":25}},"33":{"start":{"line":34,"column":0},"end":{"line":34,"column":27}},"34":{"start":{"line":35,"column":0},"end":{"line":35,"column":5}},"37":{"start":{"line":38,"column":0},"end":{"line":38,"column":27}},"38":{"start":{"line":39,"column":0},"end":{"line":39,"column":25}},"39":{"start":{"line":40,"column":0},"end":{"line":40,"column":5}},"49":{"start":{"line":50,"column":0},"end":{"line":50,"column":27}},"50":{"start":{"line":51,"column":0},"end":{"line":51,"column":25}},"51":{"start":{"line":52,"column":0},"end":{"line":52,"column":5}},"53":{"start":{"line":54,"column":0},"end":{"line":54,"column":29}},"54":{"start":{"line":55,"column":0},"end":{"line":55,"column":33}},"55":{"start":{"line":56,"column":0},"end":{"line":56,"column":5}},"57":{"start":{"line":58,"column":0},"end":{"line":58,"column":30}},"58":{"start":{"line":59,"column":0},"end":{"line":59,"column":34}},"59":{"start":{"line":60,"column":0},"end":{"line":60,"column":5}},"65":{"start":{"line":66,"column":0},"end":{"line":66,"column":25}},"66":{"start":{"line":67,"column":0},"end":{"line":67,"column":29}},"67":{"start":{"line":68,"column":0},"end":{"line":68,"column":5}},"74":{"start":{"line":75,"column":0},"end":{"line":75,"column":27}},"75":{"start":{"line":76,"column":0},"end":{"line":76,"column":16}},"76":{"start":{"line":77,"column":0},"end":{"line":77,"column":28}},"77":{"start":{"line":78,"column":0},"end":{"line":78,"column":31}},"78":{"start":{"line":79,"column":0},"end":{"line":79,"column":32}},"79":{"start":{"line":80,"column":0},"end":{"line":80,"column":26}},"80":{"start":{"line":81,"column":0},"end":{"line":81,"column":36}},"81":{"start":{"line":82,"column":0},"end":{"line":82,"column":38}},"82":{"start":{"line":83,"column":0},"end":{"line":83,"column":38}},"83":{"start":{"line":84,"column":0},"end":{"line":84,"column":40}},"85":{"start":{"line":86,"column":0},"end":{"line":86,"column":5}},"86":{"start":{"line":87,"column":0},"end":{"line":87,"column":1}}},"s":{"7":1,"9":1,"10":18,"11":18,"12":18,"13":18,"25":1,"26":18,"27":0,"28":0,"29":18,"30":18,"31":18,"32":18,"33":18,"34":18,"37":1,"38":22,"39":22,"49":1,"50":7,"51":7,"53":1,"54":2,"55":2,"57":1,"58":2,"59":2,"65":1,"66":4,"67":4,"74":1,"75":1,"76":1,"77":1,"78":1,"79":1,"80":1,"81":1,"82":1,"83":1,"85":1,"86":1},"branchMap":{"0":{"type":"branch","line":10,"loc":{"start":{"line":10,"column":21},"end":{"line":14,"column":41}},"locations":[{"start":{"line":10,"column":21},"end":{"line":14,"column":41}}]},"1":{"type":"branch","line":26,"loc":{"start":{"line":26,"column":4},"end":{"line":35,"column":5}},"locations":[{"start":{"line":26,"column":4},"end":{"line":35,"column":5}}]},"2":{"type":"branch","line":27,"loc":{"start":{"line":27,"column":27},"end":{"line":29,"column":9}},"locations":[{"start":{"line":27,"column":27},"end":{"line":29,"column":9}}]},"3":{"type":"branch","line":38,"loc":{"start":{"line":38,"column":4},"end":{"line":40,"column":5}},"locations":[{"start":{"line":38,"column":4},"end":{"line":40,"column":5}}]},"4":{"type":"branch","line":50,"loc":{"start":{"line":50,"column":4},"end":{"line":52,"column":5}},"locations":[{"start":{"line":50,"column":4},"end":{"line":52,"column":5}}]},"5":{"type":"branch","line":54,"loc":{"start":{"line":54,"column":4},"end":{"line":56,"column":5}},"locations":[{"start":{"line":54,"column":4},"end":{"line":56,"column":5}}]},"6":{"type":"branch","line":58,"loc":{"start":{"line":58,"column":4},"end":{"line":60,"column":5}},"locations":[{"start":{"line":58,"column":4},"end":{"line":60,"column":5}}]},"7":{"type":"branch","line":66,"loc":{"start":{"line":66,"column":4},"end":{"line":68,"column":5}},"locations":[{"start":{"line":66,"column":4},"end":{"line":68,"column":5}}]},"8":{"type":"branch","line":75,"loc":{"start":{"line":75,"column":4},"end":{"line":86,"column":5}},"locations":[{"start":{"line":75,"column":4},"end":{"line":86,"column":5}}]}},"b":{"0":[18],"1":[18],"2":[0],"3":[22],"4":[7],"5":[2],"6":[2],"7":[4],"8":[1]},"fnMap":{"0":{"name":"<instance_members_initializer>","decl":{"start":{"line":10,"column":21},"end":{"line":14,"column":41}},"loc":{"start":{"line":10,"column":21},"end":{"line":14,"column":41}},"line":10},"1":{"name":"Pokemon","decl":{"start":{"line":26,"column":4},"end":{"line":35,"column":5}},"loc":{"start":{"line":26,"column":4},"end":{"line":35,"column":5}},"line":26},"2":{"name":"get getName","decl":{"start":{"line":38,"column":4},"end":{"line":40,"column":5}},"loc":{"start":{"line":38,"column":4},"end":{"line":40,"column":5}},"line":38},"3":{"name":"get getType","decl":{"start":{"line":50,"column":4},"end":{"line":52,"column":5}},"loc":{"start":{"line":50,"column":4},"end":{"line":52,"column":5}},"line":50},"4":{"name":"get getAttack","decl":{"start":{"line":54,"column":4},"end":{"line":56,"column":5}},"loc":{"start":{"line":54,"column":4},"end":{"line":56,"column":5}},"line":54},"5":{"name":"get getDefense","decl":{"start":{"line":58,"column":4},"end":{"line":60,"column":5}},"loc":{"start":{"line":58,"column":4},"end":{"line":60,"column":5}},"line":58},"6":{"name":"get getHp","decl":{"start":{"line":66,"column":4},"end":{"line":68,"column":5}},"loc":{"start":{"line":66,"column":4},"end":{"line":68,"column":5}},"line":66},"7":{"name":"mostrarInfo","decl":{"start":{"line":75,"column":4},"end":{"line":86,"column":5}},"loc":{"start":{"line":75,"column":4},"end":{"line":86,"column":5}},"line":75}},"f":{"0":18,"1":18,"2":22,"3":7,"4":2,"5":2,"6":4,"7":1}}
,"/home/usuario/prct05-objects-classes-interfaces-AMM011/src/ejercicio-1/PokemonStats.ts": {"path":"/home/usuario/prct05-objects-classes-interfaces-AMM011/src/ejercicio-1/PokemonStats.ts","all":true,"statementMap":{},"s":{},"branchMap":{"0":{"type":"branch","line":1,"loc":{"start":{"line":1,"column":528},"end":{"line":17,"column":1}},"locations":[{"start":{"line":1,"column":528},"end":{"line":17,"column":1}}]}},"b":{"0":[1]},"fnMap":{"0":{"name":"(empty-report)","decl":{"start":{"line":1,"column":528},"end":{"line":17,"column":1}},"loc":{"start":{"line":1,"column":528},"end":{"line":17,"column":1}},"line":1}},"f":{"0":1}}
,"/home/usuario/prct05-objects-classes-interfaces-AMM011/src/ejercicio-2/Album.ts": {"path":"/home/usuario/prct05-objects-classes-interfaces-AMM011/src/ejercicio-2/Album.ts","all":false,"statementMap":{"24":{"start":{"line":25,"column":0},"end":{"line":25,"column":38}},"33":{"start":{"line":34,"column":0},"end":{"line":34,"column":84}},"34":{"start":{"line":35,"column":0},"end":{"line":35,"column":25}},"35":{"start":{"line":36,"column":0},"end":{"line":36,"column":31}},"36":{"start":{"line":37,"column":0},"end":{"line":37,"column":27}},"37":{"start":{"line":38,"column":0},"end":{"line":38,"column":5}},"42":{"start":{"line":43,"column":0},"end":{"line":43,"column":32}},"43":{"start":{"line":44,"column":0},"end":{"line":44,"column":25}},"44":{"start":{"line":45,"column":0},"end":{"line":45,"column":5}},"48":{"start":{"line":49,"column":0},"end":{"line":49,"column":35}},"49":{"start":{"line":50,"column":0},"end":{"line":50,"column":28}},"50":{"start":{"line":51,"column":0},"end":{"line":51,"column":5}},"54":{"start":{"line":55,"column":0},"end":{"line":55,"column":33}},"55":{"start":{"line":56,"column":0},"end":{"line":56,"column":26}},"56":{"start":{"line":57,"column":0},"end":{"line":57,"column":5}},"64":{"start":{"line":65,"column":0},"end":{"line":65,"column":28}},"65":{"start":{"line":66,"column":0},"end":{"line":66,"column":41}},"66":{"start":{"line":67,"column":0},"end":{"line":67,"column":5}},"74":{"start":{"line":75,"column":0},"end":{"line":75,"column":27}},"75":{"start":{"line":76,"column":0},"end":{"line":76,"column":33}},"76":{"start":{"line":77,"column":0},"end":{"line":77,"column":33}},"78":{"start":{"line":79,"column":0},"end":{"line":79,"column":33}},"79":{"start":{"line":80,"column":0},"end":{"line":80,"column":45}},"80":{"start":{"line":81,"column":0},"end":{"line":81,"column":11}},"82":{"start":{"line":83,"column":0},"end":{"line":83,"column":24}},"83":{"start":{"line":84,"column":0},"end":{"line":84,"column":5}},"92":{"start":{"line":93,"column":0},"end":{"line":93,"column":29}},"93":{"start":{"line":94,"column":0},"end":{"line":94,"column":30}},"94":{"start":{"line":95,"column":0},"end":{"line":95,"column":33}},"96":{"start":{"line":97,"column":0},"end":{"line":97,"column":33}},"97":{"start":{"line":98,"column":0},"end":{"line":98,"column":39}},"98":{"start":{"line":99,"column":0},"end":{"line":99,"column":11}},"100":{"start":{"line":101,"column":0},"end":{"line":101,"column":21}},"101":{"start":{"line":102,"column":0},"end":{"line":102,"column":5}},"102":{"start":{"line":103,"column":0},"end":{"line":103,"column":1}}},"s":{"24":1,"33":1,"34":32,"35":32,"36":32,"37":32,"42":1,"43":2,"44":2,"48":1,"49":1,"50":1,"54":1,"55":8,"56":8,"64":1,"65":2,"66":2,"74":1,"75":2,"76":2,"78":2,"79":2,"80":2,"82":2,"83":2,"92":1,"93":2,"94":2,"96":2,"97":2,"98":2,"100":2,"101":2,"102":1},"branchMap":{"0":{"type":"branch","line":34,"loc":{"start":{"line":34,"column":4},"end":{"line":38,"column":5}},"locations":[{"start":{"line":34,"column":4},"end":{"line":38,"column":5}}]},"1":{"type":"branch","line":43,"loc":{"start":{"line":43,"column":4},"end":{"line":45,"column":5}},"locations":[{"start":{"line":43,"column":4},"end":{"line":45,"column":5}}]},"2":{"type":"branch","line":49,"loc":{"start":{"line":49,"column":4},"end":{"line":51,"column":5}},"locations":[{"start":{"line":49,"column":4},"end":{"line":51,"column":5}}]},"3":{"type":"branch","line":55,"loc":{"start":{"line":55,"column":4},"end":{"line":57,"column":5}},"locations":[{"start":{"line":55,"column":4},"end":{"line":57,"column":5}}]},"4":{"type":"branch","line":65,"loc":{"start":{"line":65,"column":4},"end":{"line":67,"column":5}},"locations":[{"start":{"line":65,"column":4},"end":{"line":67,"column":5}}]},"5":{"type":"branch","line":75,"loc":{"start":{"line":75,"column":4},"end":{"line":84,"column":5}},"locations":[{"start":{"line":75,"column":4},"end":{"line":84,"column":5}}]},"6":{"type":"branch","line":79,"loc":{"start":{"line":79,"column":22},"end":{"line":81,"column":9}},"locations":[{"start":{"line":79,"column":22},"end":{"line":81,"column":9}}]},"7":{"type":"branch","line":93,"loc":{"start":{"line":93,"column":4},"end":{"line":102,"column":5}},"locations":[{"start":{"line":93,"column":4},"end":{"line":102,"column":5}}]},"8":{"type":"branch","line":97,"loc":{"start":{"line":97,"column":22},"end":{"line":99,"column":9}},"locations":[{"start":{"line":97,"column":22},"end":{"line":99,"column":9}}]}},"b":{"0":[32],"1":[2],"2":[1],"3":[8],"4":[2],"5":[2],"6":[2],"7":[2],"8":[2]},"fnMap":{"0":{"name":"Album","decl":{"start":{"line":34,"column":4},"end":{"line":38,"column":5}},"loc":{"start":{"line":34,"column":4},"end":{"line":38,"column":5}},"line":34},"1":{"name":"get getNameAlbum","decl":{"start":{"line":43,"column":4},"end":{"line":45,"column":5}},"loc":{"start":{"line":43,"column":4},"end":{"line":45,"column":5}},"line":43},"2":{"name":"get getreleaseAlbum","decl":{"start":{"line":49,"column":4},"end":{"line":51,"column":5}},"loc":{"start":{"line":49,"column":4},"end":{"line":51,"column":5}},"line":49},"3":{"name":"get getSongsAlbum","decl":{"start":{"line":55,"column":4},"end":{"line":57,"column":5}},"loc":{"start":{"line":55,"column":4},"end":{"line":57,"column":5}},"line":55},"4":{"name":"getSongCount","decl":{"start":{"line":65,"column":4},"end":{"line":67,"column":5}},"loc":{"start":{"line":65,"column":4},"end":{"line":67,"column":5}},"line":65},"5":{"name":"getDuration","decl":{"start":{"line":75,"column":4},"end":{"line":84,"column":5}},"loc":{"start":{"line":75,"column":4},"end":{"line":84,"column":5}},"line":75},"6":{"name":"getTotalPlays","decl":{"start":{"line":93,"column":4},"end":{"line":102,"column":5}},"loc":{"start":{"line":93,"column":4},"end":{"line":102,"column":5}},"line":93}},"f":{"0":32,"1":2,"2":1,"3":8,"4":2,"5":2,"6":2}}
,"/home/usuario/prct05-objects-classes-interfaces-AMM011/src/ejercicio-2/Artist.ts": {"path":"/home/usuario/prct05-objects-classes-interfaces-AMM011/src/ejercicio-2/Artist.ts","all":false,"statementMap":{"23":{"start":{"line":24,"column":0},"end":{"line":24,"column":40}},"32":{"start":{"line":33,"column":0},"end":{"line":33,"column":88}},"33":{"start":{"line":34,"column":0},"end":{"line":34,"column":25}},"34":{"start":{"line":35,"column":0},"end":{"line":35,"column":35}},"35":{"start":{"line":36,"column":0},"end":{"line":36,"column":29}},"36":{"start":{"line":37,"column":0},"end":{"line":37,"column":5}},"41":{"start":{"line":42,"column":0},"end":{"line":42,"column":33}},"42":{"start":{"line":43,"column":0},"end":{"line":43,"column":25}},"43":{"start":{"line":44,"column":0},"end":{"line":44,"column":5}},"47":{"start":{"line":48,"column":0},"end":{"line":48,"column":38}},"48":{"start":{"line":49,"column":0},"end":{"line":49,"column":30}},"49":{"start":{"line":50,"column":0},"end":{"line":50,"column":5}},"53":{"start":{"line":54,"column":0},"end":{"line":54,"column":36}},"54":{"start":{"line":55,"column":0},"end":{"line":55,"column":27}},"55":{"start":{"line":56,"column":0},"end":{"line":56,"column":5}},"56":{"start":{"line":57,"column":0},"end":{"line":57,"column":1}}},"s":{"23":1,"32":1,"33":33,"34":33,"35":33,"36":33,"41":1,"42":4,"43":4,"47":1,"48":1,"49":1,"53":1,"54":17,"55":17,"56":1},"branchMap":{"0":{"type":"branch","line":33,"loc":{"start":{"line":33,"column":4},"end":{"line":37,"column":5}},"locations":[{"start":{"line":33,"column":4},"end":{"line":37,"column":5}}]},"1":{"type":"branch","line":42,"loc":{"start":{"line":42,"column":4},"end":{"line":44,"column":5}},"locations":[{"start":{"line":42,"column":4},"end":{"line":44,"column":5}}]},"2":{"type":"branch","line":48,"loc":{"start":{"line":48,"column":4},"end":{"line":50,"column":5}},"locations":[{"start":{"line":48,"column":4},"end":{"line":50,"column":5}}]},"3":{"type":"branch","line":54,"loc":{"start":{"line":54,"column":4},"end":{"line":56,"column":5}},"locations":[{"start":{"line":54,"column":4},"end":{"line":56,"column":5}}]}},"b":{"0":[33],"1":[4],"2":[1],"3":[17]},"fnMap":{"0":{"name":"Artist","decl":{"start":{"line":33,"column":4},"end":{"line":37,"column":5}},"loc":{"start":{"line":33,"column":4},"end":{"line":37,"column":5}},"line":33},"1":{"name":"get getNameArtist","decl":{"start":{"line":42,"column":4},"end":{"line":44,"column":5}},"loc":{"start":{"line":42,"column":4},"end":{"line":44,"column":5}},"line":42},"2":{"name":"get getListenersArtist","decl":{"start":{"line":48,"column":4},"end":{"line":50,"column":5}},"loc":{"start":{"line":48,"column":4},"end":{"line":50,"column":5}},"line":48},"3":{"name":"get getAlbumsArtist","decl":{"start":{"line":54,"column":4},"end":{"line":56,"column":5}},"loc":{"start":{"line":54,"column":4},"end":{"line":56,"column":5}},"line":54}},"f":{"0":33,"1":4,"2":1,"3":17}}
,"/home/usuario/prct05-objects-classes-interfaces-AMM011/src/ejercicio-2/MusicLibrary.ts": {"path":"/home/usuario/prct05-objects-classes-interfaces-AMM011/src/ejercicio-2/MusicLibrary.ts","all":false,"statementMap":{"11":{"start":{"line":12,"column":0},"end":{"line":12,"column":27}},"15":{"start":{"line":16,"column":0},"end":{"line":16,"column":30}},"20":{"start":{"line":21,"column":0},"end":{"line":21,"column":36}},"21":{"start":{"line":22,"column":0},"end":{"line":22,"column":31}},"22":{"start":{"line":23,"column":0},"end":{"line":23,"column":5}},"24":{"start":{"line":25,"column":0},"end":{"line":25,"column":32}},"25":{"start":{"line":26,"column":0},"end":{"line":26,"column":28}},"26":{"start":{"line":27,"column":0},"end":{"line":27,"column":5}},"33":{"start":{"line":34,"column":0},"end":{"line":34,"column":37}},"34":{"start":{"line":35,"column":0},"end":{"line":35,"column":37}},"35":{"start":{"line":36,"column":0},"end":{"line":36,"column":5}},"44":{"start":{"line":45,"column":0},"end":{"line":45,"column":50}},"45":{"start":{"line":46,"column":0},"end":{"line":46,"column":69}},"46":{"start":{"line":47,"column":0},"end":{"line":47,"column":5}},"55":{"start":{"line":56,"column":0},"end":{"line":56,"column":49}},"56":{"start":{"line":57,"column":0},"end":{"line":57,"column":50}},"57":{"start":{"line":58,"column":0},"end":{"line":58,"column":33}},"59":{"start":{"line":60,"column":0},"end":{"line":60,"column":37}},"60":{"start":{"line":61,"column":0},"end":{"line":61,"column":59}},"61":{"start":{"line":62,"column":0},"end":{"line":62,"column":11}},"63":{"start":{"line":64,"column":0},"end":{"line":64,"column":60}},"64":{"start":{"line":65,"column":0},"end":{"line":65,"column":5}},"73":{"start":{"line":74,"column":0},"end":{"line":74,"column":46}},"74":{"start":{"line":75,"column":0},"end":{"line":75,"column":50}},"75":{"start":{"line":76,"column":0},"end":{"line":76,"column":33}},"77":{"start":{"line":78,"column":0},"end":{"line":78,"column":37}},"78":{"start":{"line":79,"column":0},"end":{"line":79,"column":59}},"79":{"start":{"line":80,"column":0},"end":{"line":80,"column":11}},"81":{"start":{"line":82,"column":0},"end":{"line":82,"column":37}},"82":{"start":{"line":83,"column":0},"end":{"line":83,"column":86}},"83":{"start":{"line":84,"column":0},"end":{"line":84,"column":28}},"84":{"start":{"line":85,"column":0},"end":{"line":85,"column":33}},"85":{"start":{"line":86,"column":0},"end":{"line":86,"column":13}},"86":{"start":{"line":87,"column":0},"end":{"line":87,"column":9}},"88":{"start":{"line":89,"column":0},"end":{"line":89,"column":25}},"89":{"start":{"line":90,"column":0},"end":{"line":90,"column":5}},"103":{"start":{"line":104,"column":0},"end":{"line":104,"column":24}},"104":{"start":{"line":105,"column":0},"end":{"line":105,"column":40}},"105":{"start":{"line":106,"column":0},"end":{"line":106,"column":33}},"106":{"start":{"line":107,"column":0},"end":{"line":107,"column":37}},"107":{"start":{"line":108,"column":0},"end":{"line":108,"column":59}},"108":{"start":{"line":109,"column":0},"end":{"line":109,"column":11}},"110":{"start":{"line":111,"column":0},"end":{"line":111,"column":30}},"111":{"start":{"line":112,"column":0},"end":{"line":112,"column":35}},"112":{"start":{"line":113,"column":0},"end":{"line":113,"column":42}},"113":{"start":{"line":114,"column":0},"end":{"line":114,"column":11}},"115":{"start":{"line":116,"column":0},"end":{"line":116,"column":21}},"116":{"start":{"line":117,"column":0},"end":{"line":117,"column":5}},"124":{"start":{"line":125,"column":0},"end":{"line":125,"column":27}},"125":{"start":{"line":126,"column":0},"end":{"line":126,"column":40}},"126":{"start":{"line":127,"column":0},"end":{"line":127,"column":33}},"127":{"start":{"line":128,"column":0},"end":{"line":128,"column":37}},"128":{"start":{"line":129,"column":0},"end":{"line":129,"column":59}},"129":{"start":{"line":130,"column":0},"end":{"line":130,"column":11}},"131":{"start":{"line":132,"column":0},"end":{"line":132,"column":33}},"132":{"start":{"line":133,"column":0},"end":{"line":133,"column":35}},"133":{"start":{"line":134,"column":0},"end":{"line":134,"column":44}},"134":{"start":{"line":135,"column":0},"end":{"line":135,"column":11}},"136":{"start":{"line":137,"column":0},"end":{"line":137,"column":24}},"137":{"start":{"line":138,"column":0},"end":{"line":138,"column":5}},"146":{"start":{"line":147,"column":0},"end":{"line":147,"column":29}},"147":{"start":{"line":148,"column":0},"end":{"line":148,"column":40}},"148":{"start":{"line":149,"column":0},"end":{"line":149,"column":33}},"149":{"start":{"line":150,"column":0},"end":{"line":150,"column":37}},"150":{"start":{"line":151,"column":0},"end":{"line":151,"column":59}},"151":{"start":{"line":152,"column":0},"end":{"line":152,"column":11}},"153":{"start":{"line":154,"column":0},"end":{"line":154,"column":30}},"154":{"start":{"line":155,"column":0},"end":{"line":155,"column":35}},"155":{"start":{"line":156,"column":0},"end":{"line":156,"column":43}},"156":{"start":{"line":157,"column":0},"end":{"line":157,"column":11}},"158":{"start":{"line":159,"column":0},"end":{"line":159,"column":21}},"159":{"start":{"line":160,"column":0},"end":{"line":160,"column":5}},"160":{"start":{"line":161,"column":0},"end":{"line":161,"column":1}}},"s":{"11":1,"15":1,"20":1,"21":15,"22":15,"24":1,"25":12,"26":12,"33":1,"34":2,"35":2,"44":1,"45":2,"46":2,"55":1,"56":2,"57":2,"59":2,"60":4,"61":2,"63":2,"64":2,"73":1,"74":3,"75":3,"77":3,"78":7,"79":3,"81":3,"82":6,"83":6,"84":2,"85":2,"86":6,"88":1,"89":3,"103":1,"104":1,"105":1,"106":1,"107":2,"108":1,"110":1,"111":1,"112":2,"113":1,"115":1,"116":1,"124":1,"125":1,"126":1,"127":1,"128":2,"129":1,"131":1,"132":1,"133":2,"134":1,"136":1,"137":1,"146":1,"147":1,"148":1,"149":1,"150":2,"151":1,"153":1,"154":1,"155":2,"156":1,"158":1,"159":1,"160":1},"branchMap":{"0":{"type":"branch","line":16,"loc":{"start":{"line":16,"column":12},"end":{"line":16,"column":30}},"locations":[{"start":{"line":16,"column":12},"end":{"line":16,"column":30}}]},"1":{"type":"branch","line":21,"loc":{"start":{"line":21,"column":4},"end":{"line":23,"column":5}},"locations":[{"start":{"line":21,"column":4},"end":{"line":23,"column":5}}]},"2":{"type":"branch","line":25,"loc":{"start":{"line":25,"column":4},"end":{"line":27,"column":5}},"locations":[{"start":{"line":25,"column":4},"end":{"line":27,"column":5}}]},"3":{"type":"branch","line":34,"loc":{"start":{"line":34,"column":4},"end":{"line":36,"column":5}},"locations":[{"start":{"line":34,"column":4},"end":{"line":36,"column":5}}]},"4":{"type":"branch","line":45,"loc":{"start":{"line":45,"column":4},"end":{"line":47,"column":5}},"locations":[{"start":{"line":45,"column":4},"end":{"line":47,"column":5}}]},"5":{"type":"branch","line":46,"loc":{"start":{"line":46,"column":36},"end":{"line":46,"column":67}},"locations":[{"start":{"line":46,"column":36},"end":{"line":46,"column":67}}]},"6":{"type":"branch","line":56,"loc":{"start":{"line":56,"column":4},"end":{"line":65,"column":5}},"locations":[{"start":{"line":56,"column":4},"end":{"line":65,"column":5}}]},"7":{"type":"branch","line":60,"loc":{"start":{"line":60,"column":24},"end":{"line":62,"column":9}},"locations":[{"start":{"line":60,"column":24},"end":{"line":62,"column":9}}]},"8":{"type":"branch","line":64,"loc":{"start":{"line":64,"column":27},"end":{"line":64,"column":58}},"locations":[{"start":{"line":64,"column":27},"end":{"line":64,"column":58}}]},"9":{"type":"branch","line":74,"loc":{"start":{"line":74,"column":4},"end":{"line":90,"column":5}},"locations":[{"start":{"line":74,"column":4},"end":{"line":90,"column":5}}]},"10":{"type":"branch","line":82,"loc":{"start":{"line":82,"column":36},"end":{"line":87,"column":9}},"locations":[{"start":{"line":82,"column":36},"end":{"line":87,"column":9}}]},"11":{"type":"branch","line":84,"loc":{"start":{"line":84,"column":27},"end":{"line":86,"column":13}},"locations":[{"start":{"line":84,"column":27},"end":{"line":86,"column":13}}]},"12":{"type":"branch","line":87,"loc":{"start":{"line":87,"column":8},"end":{"line":89,"column":25}},"locations":[{"start":{"line":87,"column":8},"end":{"line":89,"column":25}}]},"13":{"type":"branch","line":78,"loc":{"start":{"line":78,"column":24},"end":{"line":80,"column":9}},"locations":[{"start":{"line":78,"column":24},"end":{"line":80,"column":9}}]},"14":{"type":"branch","line":83,"loc":{"start":{"line":83,"column":55},"end":{"line":83,"column":84}},"locations":[{"start":{"line":83,"column":55},"end":{"line":83,"column":84}}]},"15":{"type":"branch","line":104,"loc":{"start":{"line":104,"column":4},"end":{"line":117,"column":5}},"locations":[{"start":{"line":104,"column":4},"end":{"line":117,"column":5}}]},"16":{"type":"branch","line":107,"loc":{"start":{"line":107,"column":24},"end":{"line":109,"column":9}},"locations":[{"start":{"line":107,"column":24},"end":{"line":109,"column":9}}]},"17":{"type":"branch","line":112,"loc":{"start":{"line":112,"column":23},"end":{"line":114,"column":9}},"locations":[{"start":{"line":112,"column":23},"end":{"line":114,"column":9}}]},"18":{"type":"branch","line":125,"loc":{"start":{"line":125,"column":4},"end":{"line":138,"column":5}},"locations":[{"start":{"line":125,"column":4},"end":{"line":138,"column":5}}]},"19":{"type":"branch","line":128,"loc":{"start":{"line":128,"column":24},"end":{"line":130,"column":9}},"locations":[{"start":{"line":128,"column":24},"end":{"line":130,"column":9}}]},"20":{"type":"branch","line":133,"loc":{"start":{"line":133,"column":23},"end":{"line":135,"column":9}},"locations":[{"start":{"line":133,"column":23},"end":{"line":135,"column":9}}]},"21":{"type":"branch","line":147,"loc":{"start":{"line":147,"column":4},"end":{"line":160,"column":5}},"locations":[{"start":{"line":147,"column":4},"end":{"line":160,"column":5}}]},"22":{"type":"branch","line":150,"loc":{"start":{"line":150,"column":24},"end":{"line":152,"column":9}},"locations":[{"start":{"line":150,"column":24},"end":{"line":152,"column":9}}]},"23":{"type":"branch","line":155,"loc":{"start":{"line":155,"column":23},"end":{"line":157,"column":9}},"locations":[{"start":{"line":155,"column":23},"end":{"line":157,"column":9}}]}},"b":{"0":[15],"1":[15],"2":[12],"3":[2],"4":[2],"5":[4],"6":[2],"7":[4],"8":[2],"9":[3],"10":[6],"11":[2],"12":[1],"13":[7],"14":[8],"15":[1],"16":[2],"17":[2],"18":[1],"19":[2],"20":[2],"21":[1],"22":[2],"23":[2]},"fnMap":{"0":{"name":"<instance_members_initializer>","decl":{"start":{"line":16,"column":12},"end":{"line":16,"column":30}},"loc":{"start":{"line":16,"column":12},"end":{"line":16,"column":30}},"line":16},"1":{"name":"MusicLibrary","decl":{"start":{"line":21,"column":4},"end":{"line":23,"column":5}},"loc":{"start":{"line":21,"column":4},"end":{"line":23,"column":5}},"line":21},"2":{"name":"get getLibrary","decl":{"start":{"line":25,"column":4},"end":{"line":27,"column":5}},"loc":{"start":{"line":25,"column":4},"end":{"line":27,"column":5}},"line":25},"3":{"name":"addArtist","decl":{"start":{"line":34,"column":4},"end":{"line":36,"column":5}},"loc":{"start":{"line":34,"column":4},"end":{"line":36,"column":5}},"line":34},"4":{"name":"findArtist","decl":{"start":{"line":45,"column":4},"end":{"line":47,"column":5}},"loc":{"start":{"line":45,"column":4},"end":{"line":47,"column":5}},"line":45},"5":{"name":"findAlbum","decl":{"start":{"line":56,"column":4},"end":{"line":65,"column":5}},"loc":{"start":{"line":56,"column":4},"end":{"line":65,"column":5}},"line":56},"6":{"name":"findSong","decl":{"start":{"line":74,"column":4},"end":{"line":90,"column":5}},"loc":{"start":{"line":74,"column":4},"end":{"line":90,"column":5}},"line":74},"7":{"name":"getSongs","decl":{"start":{"line":104,"column":4},"end":{"line":117,"column":5}},"loc":{"start":{"line":104,"column":4},"end":{"line":117,"column":5}},"line":104},"8":{"name":"getDuration","decl":{"start":{"line":125,"column":4},"end":{"line":138,"column":5}},"loc":{"start":{"line":125,"column":4},"end":{"line":138,"column":5}},"line":125},"9":{"name":"getTotalPlays","decl":{"start":{"line":147,"column":4},"end":{"line":160,"column":5}},"loc":{"start":{"line":147,"column":4},"end":{"line":160,"column":5}},"line":147}},"f":{"0":15,"1":15,"2":12,"3":2,"4":2,"5":2,"6":3,"7":1,"8":1,"9":1}}
,"/home/usuario/prct05-objects-classes-interfaces-AMM011/src/ejercicio-2/Song.ts": {"path":"/home/usuario/prct05-objects-classes-interfaces-AMM011/src/ejercicio-2/Song.ts","all":false,"statementMap":{"27":{"start":{"line":28,"column":0},"end":{"line":28,"column":36}},"38":{"start":{"line":39,"column":0},"end":{"line":39,"column":144}},"39":{"start":{"line":40,"column":0},"end":{"line":40,"column":25}},"40":{"start":{"line":41,"column":0},"end":{"line":41,"column":33}},"41":{"start":{"line":42,"column":0},"end":{"line":42,"column":27}},"42":{"start":{"line":43,"column":0},"end":{"line":43,"column":29}},"43":{"start":{"line":44,"column":0},"end":{"line":44,"column":27}},"44":{"start":{"line":45,"column":0},"end":{"line":45,"column":5}},"49":{"start":{"line":50,"column":0},"end":{"line":50,"column":31}},"50":{"start":{"line":51,"column":0},"end":{"line":51,"column":25}},"51":{"start":{"line":52,"column":0},"end":{"line":52,"column":5}},"55":{"start":{"line":56,"column":0},"end":{"line":56,"column":35}},"56":{"start":{"line":57,"column":0},"end":{"line":57,"column":29}},"57":{"start":{"line":58,"column":0},"end":{"line":58,"column":5}},"61":{"start":{"line":62,"column":0},"end":{"line":62,"column":45}},"62":{"start":{"line":63,"column":0},"end":{"line":63,"column":26}},"63":{"start":{"line":64,"column":0},"end":{"line":64,"column":5}},"67":{"start":{"line":68,"column":0},"end":{"line":68,"column":34}},"68":{"start":{"line":69,"column":0},"end":{"line":69,"column":27}},"69":{"start":{"line":70,"column":0},"end":{"line":70,"column":5}},"73":{"start":{"line":74,"column":0},"end":{"line":74,"column":32}},"74":{"start":{"line":75,"column":0},"end":{"line":75,"column":26}},"75":{"start":{"line":76,"column":0},"end":{"line":76,"column":5}},"76":{"start":{"line":77,"column":0},"end":{"line":77,"column":1}}},"s":{"27":1,"38":1,"39":31,"40":31,"41":31,"42":31,"43":31,"44":31,"49":1,"50":8,"51":8,"55":1,"56":2,"57":2,"61":1,"62":1,"63":1,"67":1,"68":1,"69":1,"73":1,"74":2,"75":2,"76":1},"branchMap":{"0":{"type":"branch","line":39,"loc":{"start":{"line":39,"column":4},"end":{"line":45,"column":5}},"locations":[{"start":{"line":39,"column":4},"end":{"line":45,"column":5}}]},"1":{"type":"branch","line":50,"loc":{"start":{"line":50,"column":4},"end":{"line":52,"column":5}},"locations":[{"start":{"line":50,"column":4},"end":{"line":52,"column":5}}]},"2":{"type":"branch","line":56,"loc":{"start":{"line":56,"column":4},"end":{"line":58,"column":5}},"locations":[{"start":{"line":56,"column":4},"end":{"line":58,"column":5}}]},"3":{"type":"branch","line":62,"loc":{"start":{"line":62,"column":4},"end":{"line":64,"column":5}},"locations":[{"start":{"line":62,"column":4},"end":{"line":64,"column":5}}]},"4":{"type":"branch","line":68,"loc":{"start":{"line":68,"column":4},"end":{"line":70,"column":5}},"locations":[{"start":{"line":68,"column":4},"end":{"line":70,"column":5}}]},"5":{"type":"branch","line":74,"loc":{"start":{"line":74,"column":4},"end":{"line":76,"column":5}},"locations":[{"start":{"line":74,"column":4},"end":{"line":76,"column":5}}]}},"b":{"0":[31],"1":[8],"2":[2],"3":[1],"4":[1],"5":[2]},"fnMap":{"0":{"name":"Song","decl":{"start":{"line":39,"column":4},"end":{"line":45,"column":5}},"loc":{"start":{"line":39,"column":4},"end":{"line":45,"column":5}},"line":39},"1":{"name":"get getNameSong","decl":{"start":{"line":50,"column":4},"end":{"line":52,"column":5}},"loc":{"start":{"line":50,"column":4},"end":{"line":52,"column":5}},"line":50},"2":{"name":"get getDurationSong","decl":{"start":{"line":56,"column":4},"end":{"line":58,"column":5}},"loc":{"start":{"line":56,"column":4},"end":{"line":58,"column":5}},"line":56},"3":{"name":"get getGenreSong","decl":{"start":{"line":62,"column":4},"end":{"line":64,"column":5}},"loc":{"start":{"line":62,"column":4},"end":{"line":64,"column":5}},"line":62},"4":{"name":"get getSingleSong","decl":{"start":{"line":68,"column":4},"end":{"line":70,"column":5}},"loc":{"start":{"line":68,"column":4},"end":{"line":70,"column":5}},"line":68},"5":{"name":"get getPlaysSong","decl":{"start":{"line":74,"column":4},"end":{"line":76,"column":5}},"loc":{"start":{"line":74,"column":4},"end":{"line":76,"column":5}},"line":74}},"f":{"0":31,"1":8,"2":2,"3":1,"4":1,"5":2}}
}
