{"/home/usuario/prct05-objects-classes-interfaces-AMM011/src/ejercicio-1/Combat.ts": {"path":"/home/usuario/prct05-objects-classes-interfaces-AMM011/src/ejercicio-1/Combat.ts","all":false,"statementMap":{"3":{"start":{"line":4,"column":0},"end":{"line":4,"column":21}},"5":{"start":{"line":6,"column":0},"end":{"line":6,"column":32}},"6":{"start":{"line":7,"column":0},"end":{"line":7,"column":32}},"16":{"start":{"line":17,"column":0},"end":{"line":17,"column":95}},"17":{"start":{"line":18,"column":0},"end":{"line":18,"column":77}},"18":{"start":{"line":19,"column":0},"end":{"line":19,"column":5}},"28":{"start":{"line":29,"column":0},"end":{"line":29,"column":85}},"29":{"start":{"line":30,"column":0},"end":{"line":30,"column":77}},"30":{"start":{"line":31,"column":0},"end":{"line":31,"column":66}},"31":{"start":{"line":32,"column":0},"end":{"line":32,"column":68}},"32":{"start":{"line":33,"column":0},"end":{"line":33,"column":66}},"33":{"start":{"line":34,"column":0},"end":{"line":34,"column":63}},"34":{"start":{"line":35,"column":0},"end":{"line":35,"column":10}},"36":{"start":{"line":37,"column":0},"end":{"line":37,"column":62}},"37":{"start":{"line":38,"column":0},"end":{"line":38,"column":5}},"46":{"start":{"line":47,"column":0},"end":{"line":47,"column":55}},"47":{"start":{"line":48,"column":0},"end":{"line":48,"column":33}},"48":{"start":{"line":49,"column":0},"end":{"line":49,"column":33}},"49":{"start":{"line":50,"column":0},"end":{"line":50,"column":5}},"57":{"start":{"line":58,"column":0},"end":{"line":58,"column":21}},"59":{"start":{"line":60,"column":0},"end":{"line":60,"column":32}},"62":{"start":{"line":63,"column":0},"end":{"line":63,"column":57}},"63":{"start":{"line":64,"column":0},"end":{"line":64,"column":57}},"66":{"start":{"line":67,"column":0},"end":{"line":67,"column":90}},"67":{"start":{"line":68,"column":0},"end":{"line":68,"column":90}},"70":{"start":{"line":71,"column":0},"end":{"line":71,"column":48}},"71":{"start":{"line":72,"column":0},"end":{"line":72,"column":48}},"73":{"start":{"line":74,"column":0},"end":{"line":74,"column":40}},"75":{"start":{"line":76,"column":0},"end":{"line":76,"column":91}},"77":{"start":{"line":78,"column":0},"end":{"line":78,"column":28}},"80":{"start":{"line":81,"column":0},"end":{"line":81,"column":104}},"83":{"start":{"line":84,"column":0},"end":{"line":84,"column":29}},"84":{"start":{"line":85,"column":0},"end":{"line":85,"column":92}},"85":{"start":{"line":86,"column":0},"end":{"line":86,"column":22}},"86":{"start":{"line":87,"column":0},"end":{"line":87,"column":13}},"89":{"start":{"line":90,"column":0},"end":{"line":90,"column":88}},"92":{"start":{"line":93,"column":0},"end":{"line":93,"column":87}},"93":{"start":{"line":94,"column":0},"end":{"line":94,"column":28}},"95":{"start":{"line":96,"column":0},"end":{"line":96,"column":104}},"97":{"start":{"line":98,"column":0},"end":{"line":98,"column":29}},"98":{"start":{"line":99,"column":0},"end":{"line":99,"column":92}},"99":{"start":{"line":100,"column":0},"end":{"line":100,"column":22}},"100":{"start":{"line":101,"column":0},"end":{"line":101,"column":13}},"102":{"start":{"line":103,"column":0},"end":{"line":103,"column":88}},"103":{"start":{"line":104,"column":0},"end":{"line":104,"column":9}},"105":{"start":{"line":106,"column":0},"end":{"line":106,"column":22}},"106":{"start":{"line":107,"column":0},"end":{"line":107,"column":5}},"107":{"start":{"line":108,"column":0},"end":{"line":108,"column":1}}},"s":{"3":1,"5":1,"6":2,"16":1,"17":2,"18":2,"28":1,"29":4,"30":4,"31":4,"32":4,"33":4,"34":4,"36":4,"37":4,"46":1,"47":2,"48":2,"49":2,"57":1,"59":2,"62":2,"63":2,"66":2,"67":2,"70":2,"71":2,"73":2,"75":2,"77":2,"80":2,"83":2,"84":2,"85":2,"86":2,"89":0,"92":0,"93":0,"95":0,"97":0,"98":0,"99":0,"100":0,"102":0,"103":0,"105":2,"106":2,"107":1},"branchMap":{"0":{"type":"branch","line":6,"loc":{"start":{"line":6,"column":14},"end":{"line":7,"column":32}},"locations":[{"start":{"line":6,"column":14},"end":{"line":7,"column":32}}]},"1":{"type":"branch","line":17,"loc":{"start":{"line":17,"column":12},"end":{"line":19,"column":5}},"locations":[{"start":{"line":17,"column":12},"end":{"line":19,"column":5}}]},"2":{"type":"branch","line":29,"loc":{"start":{"line":29,"column":12},"end":{"line":38,"column":5}},"locations":[{"start":{"line":29,"column":12},"end":{"line":38,"column":5}}]},"3":{"type":"branch","line":37,"loc":{"start":{"line":37,"column":55},"end":{"line":37,"column":62}},"locations":[{"start":{"line":37,"column":55},"end":{"line":37,"column":62}}]},"4":{"type":"branch","line":47,"loc":{"start":{"line":47,"column":4},"end":{"line":50,"column":5}},"locations":[{"start":{"line":47,"column":4},"end":{"line":50,"column":5}}]},"5":{"type":"branch","line":58,"loc":{"start":{"line":58,"column":4},"end":{"line":107,"column":5}},"locations":[{"start":{"line":58,"column":4},"end":{"line":107,"column":5}}]},"6":{"type":"branch","line":87,"loc":{"start":{"line":87,"column":12},"end":{"line":104,"column":9}},"locations":[{"start":{"line":87,"column":12},"end":{"line":104,"column":9}}]}},"b":{"0":[2],"1":[2],"2":[4],"3":[0],"4":[2],"5":[2],"6":[0]},"fnMap":{"0":{"name":"<instance_members_initializer>","decl":{"start":{"line":6,"column":14},"end":{"line":7,"column":32}},"loc":{"start":{"line":6,"column":14},"end":{"line":7,"column":32}},"line":6},"1":{"name":"realizarAtaque","decl":{"start":{"line":17,"column":12},"end":{"line":19,"column":5}},"loc":{"start":{"line":17,"column":12},"end":{"line":19,"column":5}},"line":17},"2":{"name":"calcularEfectividad","decl":{"start":{"line":29,"column":12},"end":{"line":38,"column":5}},"loc":{"start":{"line":29,"column":12},"end":{"line":38,"column":5}},"line":29},"3":{"name":"Combat","decl":{"start":{"line":47,"column":4},"end":{"line":50,"column":5}},"loc":{"start":{"line":47,"column":4},"end":{"line":50,"column":5}},"line":47},"4":{"name":"start","decl":{"start":{"line":58,"column":4},"end":{"line":107,"column":5}},"loc":{"start":{"line":58,"column":4},"end":{"line":107,"column":5}},"line":58}},"f":{"0":2,"1":2,"2":4,"3":2,"4":2}}
,"/home/usuario/prct05-objects-classes-interfaces-AMM011/src/ejercicio-1/Pokedex.ts": {"path":"/home/usuario/prct05-objects-classes-interfaces-AMM011/src/ejercicio-1/Pokedex.ts","all":false,"statementMap":{"2":{"start":{"line":3,"column":0},"end":{"line":3,"column":22}},"4":{"start":{"line":5,"column":0},"end":{"line":5,"column":31}},"11":{"start":{"line":12,"column":0},"end":{"line":12,"column":37}},"12":{"start":{"line":13,"column":0},"end":{"line":13,"column":31}},"13":{"start":{"line":14,"column":0},"end":{"line":14,"column":5}},"21":{"start":{"line":22,"column":0},"end":{"line":22,"column":44}},"22":{"start":{"line":23,"column":0},"end":{"line":23,"column":71}},"23":{"start":{"line":24,"column":0},"end":{"line":24,"column":39}},"24":{"start":{"line":25,"column":0},"end":{"line":25,"column":16}},"25":{"start":{"line":26,"column":0},"end":{"line":26,"column":80}},"26":{"start":{"line":27,"column":0},"end":{"line":27,"column":9}},"27":{"start":{"line":28,"column":0},"end":{"line":28,"column":5}},"35":{"start":{"line":36,"column":0},"end":{"line":36,"column":30}},"37":{"start":{"line":38,"column":0},"end":{"line":38,"column":40}},"40":{"start":{"line":41,"column":0},"end":{"line":41,"column":43}},"41":{"start":{"line":42,"column":0},"end":{"line":42,"column":47}},"42":{"start":{"line":43,"column":0},"end":{"line":43,"column":11}},"45":{"start":{"line":46,"column":0},"end":{"line":46,"column":28}},"49":{"start":{"line":50,"column":0},"end":{"line":50,"column":5}},"58":{"start":{"line":59,"column":0},"end":{"line":59,"column":63}},"60":{"start":{"line":61,"column":0},"end":{"line":61,"column":46}},"63":{"start":{"line":64,"column":0},"end":{"line":64,"column":43}},"64":{"start":{"line":65,"column":0},"end":{"line":65,"column":72}},"65":{"start":{"line":66,"column":0},"end":{"line":66,"column":11}},"68":{"start":{"line":69,"column":0},"end":{"line":69,"column":28}},"72":{"start":{"line":73,"column":0},"end":{"line":73,"column":5}},"81":{"start":{"line":82,"column":0},"end":{"line":82,"column":44}},"82":{"start":{"line":83,"column":0},"end":{"line":83,"column":72}},"83":{"start":{"line":84,"column":0},"end":{"line":84,"column":5}},"84":{"start":{"line":85,"column":0},"end":{"line":85,"column":1}}},"s":{"2":1,"4":1,"11":1,"12":5,"13":5,"21":1,"22":4,"23":4,"24":4,"25":0,"26":0,"27":4,"35":1,"37":1,"40":1,"41":2,"42":1,"45":1,"49":1,"58":1,"60":1,"63":1,"64":2,"65":1,"68":1,"72":1,"81":1,"82":1,"83":1,"84":1},"branchMap":{"0":{"type":"branch","line":5,"loc":{"start":{"line":5,"column":12},"end":{"line":5,"column":31}},"locations":[{"start":{"line":5,"column":12},"end":{"line":5,"column":31}}]},"1":{"type":"branch","line":12,"loc":{"start":{"line":12,"column":4},"end":{"line":14,"column":5}},"locations":[{"start":{"line":12,"column":4},"end":{"line":14,"column":5}}]},"2":{"type":"branch","line":22,"loc":{"start":{"line":22,"column":4},"end":{"line":28,"column":5}},"locations":[{"start":{"line":22,"column":4},"end":{"line":28,"column":5}}]},"3":{"type":"branch","line":25,"loc":{"start":{"line":25,"column":8},"end":{"line":27,"column":9}},"locations":[{"start":{"line":25,"column":8},"end":{"line":27,"column":9}}]},"4":{"type":"branch","line":23,"loc":{"start":{"line":23,"column":31},"end":{"line":23,"column":67}},"locations":[{"start":{"line":23,"column":31},"end":{"line":23,"column":67}}]},"5":{"type":"branch","line":36,"loc":{"start":{"line":36,"column":4},"end":{"line":50,"column":5}},"locations":[{"start":{"line":36,"column":4},"end":{"line":50,"column":5}}]},"6":{"type":"branch","line":41,"loc":{"start":{"line":41,"column":29},"end":{"line":43,"column":9}},"locations":[{"start":{"line":41,"column":29},"end":{"line":43,"column":9}}]},"7":{"type":"branch","line":59,"loc":{"start":{"line":59,"column":4},"end":{"line":73,"column":5}},"locations":[{"start":{"line":59,"column":4},"end":{"line":73,"column":5}}]},"8":{"type":"branch","line":64,"loc":{"start":{"line":64,"column":29},"end":{"line":66,"column":9}},"locations":[{"start":{"line":64,"column":29},"end":{"line":66,"column":9}}]},"9":{"type":"branch","line":65,"loc":{"start":{"line":65,"column":49},"end":{"line":65,"column":72}},"locations":[{"start":{"line":65,"column":49},"end":{"line":65,"column":72}}]},"10":{"type":"branch","line":82,"loc":{"start":{"line":82,"column":4},"end":{"line":84,"column":5}},"locations":[{"start":{"line":82,"column":4},"end":{"line":84,"column":5}}]},"11":{"type":"branch","line":83,"loc":{"start":{"line":83,"column":35},"end":{"line":83,"column":70}},"locations":[{"start":{"line":83,"column":35},"end":{"line":83,"column":70}}]}},"b":{"0":[5],"1":[5],"2":[4],"3":[0],"4":[5],"5":[1],"6":[2],"7":[1],"8":[2],"9":[1],"10":[1],"11":[3]},"fnMap":{"0":{"name":"<instance_members_initializer>","decl":{"start":{"line":5,"column":12},"end":{"line":5,"column":31}},"loc":{"start":{"line":5,"column":12},"end":{"line":5,"column":31}},"line":5},"1":{"name":"Pokedex","decl":{"start":{"line":12,"column":4},"end":{"line":14,"column":5}},"loc":{"start":{"line":12,"column":4},"end":{"line":14,"column":5}},"line":12},"2":{"name":"agregarPokemon","decl":{"start":{"line":22,"column":4},"end":{"line":28,"column":5}},"loc":{"start":{"line":22,"column":4},"end":{"line":28,"column":5}},"line":22},"3":{"name":"mostrarTodos","decl":{"start":{"line":36,"column":4},"end":{"line":50,"column":5}},"loc":{"start":{"line":36,"column":4},"end":{"line":50,"column":5}},"line":36},"4":{"name":"buscarPorNombre","decl":{"start":{"line":59,"column":4},"end":{"line":73,"column":5}},"loc":{"start":{"line":59,"column":4},"end":{"line":73,"column":5}},"line":59},"5":{"name":"buscarPorTipo","decl":{"start":{"line":82,"column":4},"end":{"line":84,"column":5}},"loc":{"start":{"line":82,"column":4},"end":{"line":84,"column":5}},"line":82}},"f":{"0":5,"1":5,"2":4,"3":1,"4":1,"5":1}}
,"/home/usuario/prct05-objects-classes-interfaces-AMM011/src/ejercicio-1/Pokemon.ts": {"path":"/home/usuario/prct05-objects-classes-interfaces-AMM011/src/ejercicio-1/Pokemon.ts","all":false,"statementMap":{"7":{"start":{"line":8,"column":0},"end":{"line":8,"column":22}},"9":{"start":{"line":10,"column":0},"end":{"line":10,"column":34}},"10":{"start":{"line":11,"column":0},"end":{"line":11,"column":36}},"11":{"start":{"line":12,"column":0},"end":{"line":12,"column":36}},"12":{"start":{"line":13,"column":0},"end":{"line":13,"column":34}},"13":{"start":{"line":14,"column":0},"end":{"line":14,"column":41}},"25":{"start":{"line":26,"column":0},"end":{"line":26,"column":98}},"26":{"start":{"line":27,"column":0},"end":{"line":27,"column":28}},"27":{"start":{"line":28,"column":0},"end":{"line":28,"column":74}},"28":{"start":{"line":29,"column":0},"end":{"line":29,"column":9}},"29":{"start":{"line":30,"column":0},"end":{"line":30,"column":25}},"30":{"start":{"line":31,"column":0},"end":{"line":31,"column":29}},"31":{"start":{"line":32,"column":0},"end":{"line":32,"column":29}},"32":{"start":{"line":33,"column":0},"end":{"line":33,"column":25}},"33":{"start":{"line":34,"column":0},"end":{"line":34,"column":27}},"34":{"start":{"line":35,"column":0},"end":{"line":35,"column":5}},"37":{"start":{"line":38,"column":0},"end":{"line":38,"column":27}},"38":{"start":{"line":39,"column":0},"end":{"line":39,"column":25}},"39":{"start":{"line":40,"column":0},"end":{"line":40,"column":5}},"41":{"start":{"line":42,"column":0},"end":{"line":42,"column":29}},"42":{"start":{"line":43,"column":0},"end":{"line":43,"column":27}},"43":{"start":{"line":44,"column":0},"end":{"line":44,"column":5}},"45":{"start":{"line":46,"column":0},"end":{"line":46,"column":29}},"46":{"start":{"line":47,"column":0},"end":{"line":47,"column":27}},"47":{"start":{"line":48,"column":0},"end":{"line":48,"column":5}},"49":{"start":{"line":50,"column":0},"end":{"line":50,"column":27}},"50":{"start":{"line":51,"column":0},"end":{"line":51,"column":25}},"51":{"start":{"line":52,"column":0},"end":{"line":52,"column":5}},"53":{"start":{"line":54,"column":0},"end":{"line":54,"column":29}},"54":{"start":{"line":55,"column":0},"end":{"line":55,"column":33}},"55":{"start":{"line":56,"column":0},"end":{"line":56,"column":5}},"57":{"start":{"line":58,"column":0},"end":{"line":58,"column":30}},"58":{"start":{"line":59,"column":0},"end":{"line":59,"column":34}},"59":{"start":{"line":60,"column":0},"end":{"line":60,"column":5}},"61":{"start":{"line":62,"column":0},"end":{"line":62,"column":28}},"62":{"start":{"line":63,"column":0},"end":{"line":63,"column":32}},"63":{"start":{"line":64,"column":0},"end":{"line":64,"column":5}},"65":{"start":{"line":66,"column":0},"end":{"line":66,"column":25}},"66":{"start":{"line":67,"column":0},"end":{"line":67,"column":29}},"67":{"start":{"line":68,"column":0},"end":{"line":68,"column":5}},"74":{"start":{"line":75,"column":0},"end":{"line":75,"column":27}},"75":{"start":{"line":76,"column":0},"end":{"line":76,"column":16}},"76":{"start":{"line":77,"column":0},"end":{"line":77,"column":28}},"77":{"start":{"line":78,"column":0},"end":{"line":78,"column":31}},"78":{"start":{"line":79,"column":0},"end":{"line":79,"column":32}},"79":{"start":{"line":80,"column":0},"end":{"line":80,"column":26}},"80":{"start":{"line":81,"column":0},"end":{"line":81,"column":36}},"81":{"start":{"line":82,"column":0},"end":{"line":82,"column":38}},"82":{"start":{"line":83,"column":0},"end":{"line":83,"column":38}},"83":{"start":{"line":84,"column":0},"end":{"line":84,"column":40}},"85":{"start":{"line":86,"column":0},"end":{"line":86,"column":5}},"86":{"start":{"line":87,"column":0},"end":{"line":87,"column":1}}},"s":{"7":1,"9":1,"10":15,"11":15,"12":15,"13":15,"25":1,"26":15,"27":0,"28":0,"29":15,"30":15,"31":15,"32":15,"33":15,"34":15,"37":1,"38":22,"39":22,"41":1,"42":0,"43":0,"45":1,"46":0,"47":0,"49":1,"50":7,"51":7,"53":1,"54":2,"55":2,"57":1,"58":2,"59":2,"61":1,"62":0,"63":0,"65":1,"66":4,"67":4,"74":1,"75":0,"76":0,"77":0,"78":0,"79":0,"80":0,"81":0,"82":0,"83":0,"85":0,"86":1},"branchMap":{"0":{"type":"branch","line":10,"loc":{"start":{"line":10,"column":21},"end":{"line":14,"column":41}},"locations":[{"start":{"line":10,"column":21},"end":{"line":14,"column":41}}]},"1":{"type":"branch","line":26,"loc":{"start":{"line":26,"column":4},"end":{"line":35,"column":5}},"locations":[{"start":{"line":26,"column":4},"end":{"line":35,"column":5}}]},"2":{"type":"branch","line":27,"loc":{"start":{"line":27,"column":27},"end":{"line":29,"column":9}},"locations":[{"start":{"line":27,"column":27},"end":{"line":29,"column":9}}]},"3":{"type":"branch","line":38,"loc":{"start":{"line":38,"column":4},"end":{"line":40,"column":5}},"locations":[{"start":{"line":38,"column":4},"end":{"line":40,"column":5}}]},"4":{"type":"branch","line":50,"loc":{"start":{"line":50,"column":4},"end":{"line":52,"column":5}},"locations":[{"start":{"line":50,"column":4},"end":{"line":52,"column":5}}]},"5":{"type":"branch","line":54,"loc":{"start":{"line":54,"column":4},"end":{"line":56,"column":5}},"locations":[{"start":{"line":54,"column":4},"end":{"line":56,"column":5}}]},"6":{"type":"branch","line":58,"loc":{"start":{"line":58,"column":4},"end":{"line":60,"column":5}},"locations":[{"start":{"line":58,"column":4},"end":{"line":60,"column":5}}]},"7":{"type":"branch","line":66,"loc":{"start":{"line":66,"column":4},"end":{"line":68,"column":5}},"locations":[{"start":{"line":66,"column":4},"end":{"line":68,"column":5}}]}},"b":{"0":[15],"1":[15],"2":[0],"3":[22],"4":[7],"5":[2],"6":[2],"7":[4]},"fnMap":{"0":{"name":"<instance_members_initializer>","decl":{"start":{"line":10,"column":21},"end":{"line":14,"column":41}},"loc":{"start":{"line":10,"column":21},"end":{"line":14,"column":41}},"line":10},"1":{"name":"Pokemon","decl":{"start":{"line":26,"column":4},"end":{"line":35,"column":5}},"loc":{"start":{"line":26,"column":4},"end":{"line":35,"column":5}},"line":26},"2":{"name":"get getName","decl":{"start":{"line":38,"column":4},"end":{"line":40,"column":5}},"loc":{"start":{"line":38,"column":4},"end":{"line":40,"column":5}},"line":38},"3":{"name":"get getWeight","decl":{"start":{"line":42,"column":4},"end":{"line":44,"column":5}},"loc":{"start":{"line":42,"column":4},"end":{"line":44,"column":5}},"line":42},"4":{"name":"get getHeight","decl":{"start":{"line":46,"column":4},"end":{"line":48,"column":5}},"loc":{"start":{"line":46,"column":4},"end":{"line":48,"column":5}},"line":46},"5":{"name":"get getType","decl":{"start":{"line":50,"column":4},"end":{"line":52,"column":5}},"loc":{"start":{"line":50,"column":4},"end":{"line":52,"column":5}},"line":50},"6":{"name":"get getAttack","decl":{"start":{"line":54,"column":4},"end":{"line":56,"column":5}},"loc":{"start":{"line":54,"column":4},"end":{"line":56,"column":5}},"line":54},"7":{"name":"get getDefense","decl":{"start":{"line":58,"column":4},"end":{"line":60,"column":5}},"loc":{"start":{"line":58,"column":4},"end":{"line":60,"column":5}},"line":58},"8":{"name":"get getSpeed","decl":{"start":{"line":62,"column":4},"end":{"line":64,"column":5}},"loc":{"start":{"line":62,"column":4},"end":{"line":64,"column":5}},"line":62},"9":{"name":"get getHp","decl":{"start":{"line":66,"column":4},"end":{"line":68,"column":5}},"loc":{"start":{"line":66,"column":4},"end":{"line":68,"column":5}},"line":66},"10":{"name":"mostrarInfo","decl":{"start":{"line":75,"column":4},"end":{"line":86,"column":5}},"loc":{"start":{"line":75,"column":4},"end":{"line":86,"column":5}},"line":75}},"f":{"0":15,"1":15,"2":22,"3":0,"4":0,"5":7,"6":2,"7":2,"8":0,"9":4,"10":0}}
,"/home/usuario/prct05-objects-classes-interfaces-AMM011/src/ejercicio-1/PokemonStats.ts": {"path":"/home/usuario/prct05-objects-classes-interfaces-AMM011/src/ejercicio-1/PokemonStats.ts","all":true,"statementMap":{},"s":{},"branchMap":{"0":{"type":"branch","line":1,"loc":{"start":{"line":1,"column":529},"end":{"line":17,"column":1}},"locations":[{"start":{"line":1,"column":529},"end":{"line":17,"column":1}}]}},"b":{"0":[1]},"fnMap":{"0":{"name":"(empty-report)","decl":{"start":{"line":1,"column":529},"end":{"line":17,"column":1}},"loc":{"start":{"line":1,"column":529},"end":{"line":17,"column":1}},"line":1}},"f":{"0":1}}
,"/home/usuario/prct05-objects-classes-interfaces-AMM011/src/ejercicio-2/Album.ts": {"path":"/home/usuario/prct05-objects-classes-interfaces-AMM011/src/ejercicio-2/Album.ts","all":false,"statementMap":{"25":{"start":{"line":26,"column":0},"end":{"line":26,"column":38}},"34":{"start":{"line":35,"column":0},"end":{"line":35,"column":84}},"35":{"start":{"line":36,"column":0},"end":{"line":36,"column":25}},"36":{"start":{"line":37,"column":0},"end":{"line":37,"column":31}},"37":{"start":{"line":38,"column":0},"end":{"line":38,"column":27}},"38":{"start":{"line":39,"column":0},"end":{"line":39,"column":5}},"43":{"start":{"line":44,"column":0},"end":{"line":44,"column":32}},"44":{"start":{"line":45,"column":0},"end":{"line":45,"column":25}},"45":{"start":{"line":46,"column":0},"end":{"line":46,"column":5}},"49":{"start":{"line":50,"column":0},"end":{"line":50,"column":35}},"50":{"start":{"line":51,"column":0},"end":{"line":51,"column":28}},"51":{"start":{"line":52,"column":0},"end":{"line":52,"column":5}},"55":{"start":{"line":56,"column":0},"end":{"line":56,"column":33}},"56":{"start":{"line":57,"column":0},"end":{"line":57,"column":26}},"57":{"start":{"line":58,"column":0},"end":{"line":58,"column":5}},"65":{"start":{"line":66,"column":0},"end":{"line":66,"column":28}},"66":{"start":{"line":67,"column":0},"end":{"line":67,"column":41}},"67":{"start":{"line":68,"column":0},"end":{"line":68,"column":5}},"75":{"start":{"line":76,"column":0},"end":{"line":76,"column":27}},"76":{"start":{"line":77,"column":0},"end":{"line":77,"column":33}},"77":{"start":{"line":78,"column":0},"end":{"line":78,"column":33}},"79":{"start":{"line":80,"column":0},"end":{"line":80,"column":33}},"80":{"start":{"line":81,"column":0},"end":{"line":81,"column":45}},"81":{"start":{"line":82,"column":0},"end":{"line":82,"column":11}},"83":{"start":{"line":84,"column":0},"end":{"line":84,"column":24}},"84":{"start":{"line":85,"column":0},"end":{"line":85,"column":5}},"93":{"start":{"line":94,"column":0},"end":{"line":94,"column":29}},"94":{"start":{"line":95,"column":0},"end":{"line":95,"column":30}},"95":{"start":{"line":96,"column":0},"end":{"line":96,"column":33}},"97":{"start":{"line":98,"column":0},"end":{"line":98,"column":33}},"98":{"start":{"line":99,"column":0},"end":{"line":99,"column":39}},"99":{"start":{"line":100,"column":0},"end":{"line":100,"column":11}},"101":{"start":{"line":102,"column":0},"end":{"line":102,"column":21}},"102":{"start":{"line":103,"column":0},"end":{"line":103,"column":5}},"103":{"start":{"line":104,"column":0},"end":{"line":104,"column":1}}},"s":{"25":1,"34":1,"35":22,"36":22,"37":22,"38":22,"43":1,"44":2,"45":2,"49":1,"50":0,"51":0,"55":1,"56":6,"57":6,"65":1,"66":2,"67":2,"75":1,"76":2,"77":2,"79":2,"80":2,"81":2,"83":2,"84":2,"93":1,"94":2,"95":2,"97":2,"98":2,"99":2,"101":2,"102":2,"103":1},"branchMap":{"0":{"type":"branch","line":35,"loc":{"start":{"line":35,"column":4},"end":{"line":39,"column":5}},"locations":[{"start":{"line":35,"column":4},"end":{"line":39,"column":5}}]},"1":{"type":"branch","line":44,"loc":{"start":{"line":44,"column":4},"end":{"line":46,"column":5}},"locations":[{"start":{"line":44,"column":4},"end":{"line":46,"column":5}}]},"2":{"type":"branch","line":56,"loc":{"start":{"line":56,"column":4},"end":{"line":58,"column":5}},"locations":[{"start":{"line":56,"column":4},"end":{"line":58,"column":5}}]},"3":{"type":"branch","line":66,"loc":{"start":{"line":66,"column":4},"end":{"line":68,"column":5}},"locations":[{"start":{"line":66,"column":4},"end":{"line":68,"column":5}}]},"4":{"type":"branch","line":76,"loc":{"start":{"line":76,"column":4},"end":{"line":85,"column":5}},"locations":[{"start":{"line":76,"column":4},"end":{"line":85,"column":5}}]},"5":{"type":"branch","line":80,"loc":{"start":{"line":80,"column":22},"end":{"line":82,"column":9}},"locations":[{"start":{"line":80,"column":22},"end":{"line":82,"column":9}}]},"6":{"type":"branch","line":94,"loc":{"start":{"line":94,"column":4},"end":{"line":103,"column":5}},"locations":[{"start":{"line":94,"column":4},"end":{"line":103,"column":5}}]},"7":{"type":"branch","line":98,"loc":{"start":{"line":98,"column":22},"end":{"line":100,"column":9}},"locations":[{"start":{"line":98,"column":22},"end":{"line":100,"column":9}}]}},"b":{"0":[22],"1":[2],"2":[6],"3":[2],"4":[2],"5":[2],"6":[2],"7":[2]},"fnMap":{"0":{"name":"Album","decl":{"start":{"line":35,"column":4},"end":{"line":39,"column":5}},"loc":{"start":{"line":35,"column":4},"end":{"line":39,"column":5}},"line":35},"1":{"name":"get getNameAlbum","decl":{"start":{"line":44,"column":4},"end":{"line":46,"column":5}},"loc":{"start":{"line":44,"column":4},"end":{"line":46,"column":5}},"line":44},"2":{"name":"get getreleaseAlbum","decl":{"start":{"line":50,"column":4},"end":{"line":52,"column":5}},"loc":{"start":{"line":50,"column":4},"end":{"line":52,"column":5}},"line":50},"3":{"name":"get getSongsAlbum","decl":{"start":{"line":56,"column":4},"end":{"line":58,"column":5}},"loc":{"start":{"line":56,"column":4},"end":{"line":58,"column":5}},"line":56},"4":{"name":"getSongCount","decl":{"start":{"line":66,"column":4},"end":{"line":68,"column":5}},"loc":{"start":{"line":66,"column":4},"end":{"line":68,"column":5}},"line":66},"5":{"name":"getDuration","decl":{"start":{"line":76,"column":4},"end":{"line":85,"column":5}},"loc":{"start":{"line":76,"column":4},"end":{"line":85,"column":5}},"line":76},"6":{"name":"getTotalPlays","decl":{"start":{"line":94,"column":4},"end":{"line":103,"column":5}},"loc":{"start":{"line":94,"column":4},"end":{"line":103,"column":5}},"line":94}},"f":{"0":22,"1":2,"2":0,"3":6,"4":2,"5":2,"6":2}}
,"/home/usuario/prct05-objects-classes-interfaces-AMM011/src/ejercicio-2/Artist.ts": {"path":"/home/usuario/prct05-objects-classes-interfaces-AMM011/src/ejercicio-2/Artist.ts","all":false,"statementMap":{"24":{"start":{"line":25,"column":0},"end":{"line":25,"column":40}},"33":{"start":{"line":34,"column":0},"end":{"line":34,"column":88}},"34":{"start":{"line":35,"column":0},"end":{"line":35,"column":25}},"35":{"start":{"line":36,"column":0},"end":{"line":36,"column":35}},"36":{"start":{"line":37,"column":0},"end":{"line":37,"column":29}},"37":{"start":{"line":38,"column":0},"end":{"line":38,"column":5}},"42":{"start":{"line":43,"column":0},"end":{"line":43,"column":33}},"43":{"start":{"line":44,"column":0},"end":{"line":44,"column":25}},"44":{"start":{"line":45,"column":0},"end":{"line":45,"column":5}},"48":{"start":{"line":49,"column":0},"end":{"line":49,"column":38}},"49":{"start":{"line":50,"column":0},"end":{"line":50,"column":30}},"50":{"start":{"line":51,"column":0},"end":{"line":51,"column":5}},"54":{"start":{"line":55,"column":0},"end":{"line":55,"column":36}},"55":{"start":{"line":56,"column":0},"end":{"line":56,"column":27}},"56":{"start":{"line":57,"column":0},"end":{"line":57,"column":5}},"57":{"start":{"line":58,"column":0},"end":{"line":58,"column":1}}},"s":{"24":1,"33":1,"34":23,"35":23,"36":23,"37":23,"42":1,"43":4,"44":4,"48":1,"49":0,"50":0,"54":1,"55":15,"56":15,"57":1},"branchMap":{"0":{"type":"branch","line":34,"loc":{"start":{"line":34,"column":4},"end":{"line":38,"column":5}},"locations":[{"start":{"line":34,"column":4},"end":{"line":38,"column":5}}]},"1":{"type":"branch","line":43,"loc":{"start":{"line":43,"column":4},"end":{"line":45,"column":5}},"locations":[{"start":{"line":43,"column":4},"end":{"line":45,"column":5}}]},"2":{"type":"branch","line":55,"loc":{"start":{"line":55,"column":4},"end":{"line":57,"column":5}},"locations":[{"start":{"line":55,"column":4},"end":{"line":57,"column":5}}]}},"b":{"0":[23],"1":[4],"2":[15]},"fnMap":{"0":{"name":"Artist","decl":{"start":{"line":34,"column":4},"end":{"line":38,"column":5}},"loc":{"start":{"line":34,"column":4},"end":{"line":38,"column":5}},"line":34},"1":{"name":"get getNameArtist","decl":{"start":{"line":43,"column":4},"end":{"line":45,"column":5}},"loc":{"start":{"line":43,"column":4},"end":{"line":45,"column":5}},"line":43},"2":{"name":"get getListenersArtist","decl":{"start":{"line":49,"column":4},"end":{"line":51,"column":5}},"loc":{"start":{"line":49,"column":4},"end":{"line":51,"column":5}},"line":49},"3":{"name":"get getAlbumsArtist","decl":{"start":{"line":55,"column":4},"end":{"line":57,"column":5}},"loc":{"start":{"line":55,"column":4},"end":{"line":57,"column":5}},"line":55}},"f":{"0":23,"1":4,"2":0,"3":15}}
,"/home/usuario/prct05-objects-classes-interfaces-AMM011/src/ejercicio-2/MusicLibrary.ts": {"path":"/home/usuario/prct05-objects-classes-interfaces-AMM011/src/ejercicio-2/MusicLibrary.ts","all":false,"statementMap":{"4":{"start":{"line":5,"column":0},"end":{"line":5,"column":27}},"8":{"start":{"line":9,"column":0},"end":{"line":9,"column":30}},"16":{"start":{"line":17,"column":0},"end":{"line":17,"column":36}},"17":{"start":{"line":18,"column":0},"end":{"line":18,"column":31}},"18":{"start":{"line":19,"column":0},"end":{"line":19,"column":5}},"20":{"start":{"line":21,"column":0},"end":{"line":21,"column":32}},"21":{"start":{"line":22,"column":0},"end":{"line":22,"column":28}},"22":{"start":{"line":23,"column":0},"end":{"line":23,"column":5}},"29":{"start":{"line":30,"column":0},"end":{"line":30,"column":37}},"30":{"start":{"line":31,"column":0},"end":{"line":31,"column":37}},"31":{"start":{"line":32,"column":0},"end":{"line":32,"column":5}},"40":{"start":{"line":41,"column":0},"end":{"line":41,"column":50}},"41":{"start":{"line":42,"column":0},"end":{"line":42,"column":69}},"42":{"start":{"line":43,"column":0},"end":{"line":43,"column":5}},"51":{"start":{"line":52,"column":0},"end":{"line":52,"column":49}},"52":{"start":{"line":53,"column":0},"end":{"line":53,"column":50}},"53":{"start":{"line":54,"column":0},"end":{"line":54,"column":33}},"55":{"start":{"line":56,"column":0},"end":{"line":56,"column":37}},"56":{"start":{"line":57,"column":0},"end":{"line":57,"column":59}},"57":{"start":{"line":58,"column":0},"end":{"line":58,"column":11}},"59":{"start":{"line":60,"column":0},"end":{"line":60,"column":60}},"60":{"start":{"line":61,"column":0},"end":{"line":61,"column":5}},"69":{"start":{"line":70,"column":0},"end":{"line":70,"column":46}},"70":{"start":{"line":71,"column":0},"end":{"line":71,"column":50}},"71":{"start":{"line":72,"column":0},"end":{"line":72,"column":33}},"73":{"start":{"line":74,"column":0},"end":{"line":74,"column":37}},"74":{"start":{"line":75,"column":0},"end":{"line":75,"column":59}},"75":{"start":{"line":76,"column":0},"end":{"line":76,"column":11}},"77":{"start":{"line":78,"column":0},"end":{"line":78,"column":37}},"78":{"start":{"line":79,"column":0},"end":{"line":79,"column":86}},"79":{"start":{"line":80,"column":0},"end":{"line":80,"column":28}},"80":{"start":{"line":81,"column":0},"end":{"line":81,"column":33}},"81":{"start":{"line":82,"column":0},"end":{"line":82,"column":13}},"82":{"start":{"line":83,"column":0},"end":{"line":83,"column":9}},"84":{"start":{"line":85,"column":0},"end":{"line":85,"column":25}},"85":{"start":{"line":86,"column":0},"end":{"line":86,"column":5}},"90":{"start":{"line":91,"column":0},"end":{"line":91,"column":28}},"91":{"start":{"line":92,"column":0},"end":{"line":92,"column":39}},"92":{"start":{"line":93,"column":0},"end":{"line":93,"column":5}},"99":{"start":{"line":100,"column":0},"end":{"line":100,"column":24}},"100":{"start":{"line":101,"column":0},"end":{"line":101,"column":40}},"101":{"start":{"line":102,"column":0},"end":{"line":102,"column":33}},"102":{"start":{"line":103,"column":0},"end":{"line":103,"column":37}},"103":{"start":{"line":104,"column":0},"end":{"line":104,"column":59}},"104":{"start":{"line":105,"column":0},"end":{"line":105,"column":11}},"106":{"start":{"line":107,"column":0},"end":{"line":107,"column":30}},"107":{"start":{"line":108,"column":0},"end":{"line":108,"column":35}},"108":{"start":{"line":109,"column":0},"end":{"line":109,"column":42}},"109":{"start":{"line":110,"column":0},"end":{"line":110,"column":11}},"111":{"start":{"line":112,"column":0},"end":{"line":112,"column":21}},"112":{"start":{"line":113,"column":0},"end":{"line":113,"column":5}},"120":{"start":{"line":121,"column":0},"end":{"line":121,"column":27}},"121":{"start":{"line":122,"column":0},"end":{"line":122,"column":40}},"122":{"start":{"line":123,"column":0},"end":{"line":123,"column":33}},"123":{"start":{"line":124,"column":0},"end":{"line":124,"column":37}},"124":{"start":{"line":125,"column":0},"end":{"line":125,"column":59}},"125":{"start":{"line":126,"column":0},"end":{"line":126,"column":11}},"127":{"start":{"line":128,"column":0},"end":{"line":128,"column":33}},"128":{"start":{"line":129,"column":0},"end":{"line":129,"column":35}},"129":{"start":{"line":130,"column":0},"end":{"line":130,"column":44}},"130":{"start":{"line":131,"column":0},"end":{"line":131,"column":11}},"132":{"start":{"line":133,"column":0},"end":{"line":133,"column":24}},"133":{"start":{"line":134,"column":0},"end":{"line":134,"column":5}},"142":{"start":{"line":143,"column":0},"end":{"line":143,"column":29}},"143":{"start":{"line":144,"column":0},"end":{"line":144,"column":40}},"144":{"start":{"line":145,"column":0},"end":{"line":145,"column":33}},"145":{"start":{"line":146,"column":0},"end":{"line":146,"column":37}},"146":{"start":{"line":147,"column":0},"end":{"line":147,"column":59}},"147":{"start":{"line":148,"column":0},"end":{"line":148,"column":11}},"149":{"start":{"line":150,"column":0},"end":{"line":150,"column":30}},"150":{"start":{"line":151,"column":0},"end":{"line":151,"column":35}},"151":{"start":{"line":152,"column":0},"end":{"line":152,"column":43}},"152":{"start":{"line":153,"column":0},"end":{"line":153,"column":11}},"154":{"start":{"line":155,"column":0},"end":{"line":155,"column":21}},"155":{"start":{"line":156,"column":0},"end":{"line":156,"column":5}},"156":{"start":{"line":157,"column":0},"end":{"line":157,"column":1}}},"s":{"4":1,"8":1,"16":1,"17":10,"18":10,"20":1,"21":11,"22":11,"29":1,"30":2,"31":2,"40":1,"41":2,"42":2,"51":1,"52":2,"53":2,"55":2,"56":4,"57":2,"59":2,"60":2,"69":1,"70":2,"71":2,"73":2,"74":5,"75":2,"77":2,"78":4,"79":4,"80":2,"81":2,"82":4,"84":0,"85":2,"90":1,"91":0,"92":0,"99":1,"100":1,"101":1,"102":1,"103":2,"104":1,"106":1,"107":1,"108":2,"109":1,"111":1,"112":1,"120":1,"121":1,"122":1,"123":1,"124":2,"125":1,"127":1,"128":1,"129":2,"130":1,"132":1,"133":1,"142":1,"143":1,"144":1,"145":1,"146":2,"147":1,"149":1,"150":1,"151":2,"152":1,"154":1,"155":1,"156":1},"branchMap":{"0":{"type":"branch","line":9,"loc":{"start":{"line":9,"column":12},"end":{"line":9,"column":30}},"locations":[{"start":{"line":9,"column":12},"end":{"line":9,"column":30}}]},"1":{"type":"branch","line":17,"loc":{"start":{"line":17,"column":4},"end":{"line":19,"column":5}},"locations":[{"start":{"line":17,"column":4},"end":{"line":19,"column":5}}]},"2":{"type":"branch","line":21,"loc":{"start":{"line":21,"column":4},"end":{"line":23,"column":5}},"locations":[{"start":{"line":21,"column":4},"end":{"line":23,"column":5}}]},"3":{"type":"branch","line":30,"loc":{"start":{"line":30,"column":4},"end":{"line":32,"column":5}},"locations":[{"start":{"line":30,"column":4},"end":{"line":32,"column":5}}]},"4":{"type":"branch","line":41,"loc":{"start":{"line":41,"column":4},"end":{"line":43,"column":5}},"locations":[{"start":{"line":41,"column":4},"end":{"line":43,"column":5}}]},"5":{"type":"branch","line":42,"loc":{"start":{"line":42,"column":36},"end":{"line":42,"column":67}},"locations":[{"start":{"line":42,"column":36},"end":{"line":42,"column":67}}]},"6":{"type":"branch","line":52,"loc":{"start":{"line":52,"column":4},"end":{"line":61,"column":5}},"locations":[{"start":{"line":52,"column":4},"end":{"line":61,"column":5}}]},"7":{"type":"branch","line":56,"loc":{"start":{"line":56,"column":24},"end":{"line":58,"column":9}},"locations":[{"start":{"line":56,"column":24},"end":{"line":58,"column":9}}]},"8":{"type":"branch","line":60,"loc":{"start":{"line":60,"column":27},"end":{"line":60,"column":58}},"locations":[{"start":{"line":60,"column":27},"end":{"line":60,"column":58}}]},"9":{"type":"branch","line":70,"loc":{"start":{"line":70,"column":4},"end":{"line":86,"column":5}},"locations":[{"start":{"line":70,"column":4},"end":{"line":86,"column":5}}]},"10":{"type":"branch","line":78,"loc":{"start":{"line":78,"column":36},"end":{"line":83,"column":9}},"locations":[{"start":{"line":78,"column":36},"end":{"line":83,"column":9}}]},"11":{"type":"branch","line":80,"loc":{"start":{"line":80,"column":27},"end":{"line":82,"column":13}},"locations":[{"start":{"line":80,"column":27},"end":{"line":82,"column":13}}]},"12":{"type":"branch","line":83,"loc":{"start":{"line":83,"column":8},"end":{"line":85,"column":25}},"locations":[{"start":{"line":83,"column":8},"end":{"line":85,"column":25}}]},"13":{"type":"branch","line":74,"loc":{"start":{"line":74,"column":24},"end":{"line":76,"column":9}},"locations":[{"start":{"line":74,"column":24},"end":{"line":76,"column":9}}]},"14":{"type":"branch","line":79,"loc":{"start":{"line":79,"column":55},"end":{"line":79,"column":84}},"locations":[{"start":{"line":79,"column":55},"end":{"line":79,"column":84}}]},"15":{"type":"branch","line":100,"loc":{"start":{"line":100,"column":4},"end":{"line":113,"column":5}},"locations":[{"start":{"line":100,"column":4},"end":{"line":113,"column":5}}]},"16":{"type":"branch","line":103,"loc":{"start":{"line":103,"column":24},"end":{"line":105,"column":9}},"locations":[{"start":{"line":103,"column":24},"end":{"line":105,"column":9}}]},"17":{"type":"branch","line":108,"loc":{"start":{"line":108,"column":23},"end":{"line":110,"column":9}},"locations":[{"start":{"line":108,"column":23},"end":{"line":110,"column":9}}]},"18":{"type":"branch","line":121,"loc":{"start":{"line":121,"column":4},"end":{"line":134,"column":5}},"locations":[{"start":{"line":121,"column":4},"end":{"line":134,"column":5}}]},"19":{"type":"branch","line":124,"loc":{"start":{"line":124,"column":24},"end":{"line":126,"column":9}},"locations":[{"start":{"line":124,"column":24},"end":{"line":126,"column":9}}]},"20":{"type":"branch","line":129,"loc":{"start":{"line":129,"column":23},"end":{"line":131,"column":9}},"locations":[{"start":{"line":129,"column":23},"end":{"line":131,"column":9}}]},"21":{"type":"branch","line":143,"loc":{"start":{"line":143,"column":4},"end":{"line":156,"column":5}},"locations":[{"start":{"line":143,"column":4},"end":{"line":156,"column":5}}]},"22":{"type":"branch","line":146,"loc":{"start":{"line":146,"column":24},"end":{"line":148,"column":9}},"locations":[{"start":{"line":146,"column":24},"end":{"line":148,"column":9}}]},"23":{"type":"branch","line":151,"loc":{"start":{"line":151,"column":23},"end":{"line":153,"column":9}},"locations":[{"start":{"line":151,"column":23},"end":{"line":153,"column":9}}]}},"b":{"0":[10],"1":[10],"2":[11],"3":[2],"4":[2],"5":[4],"6":[2],"7":[4],"8":[2],"9":[2],"10":[4],"11":[2],"12":[0],"13":[5],"14":[6],"15":[1],"16":[2],"17":[2],"18":[1],"19":[2],"20":[2],"21":[1],"22":[2],"23":[2]},"fnMap":{"0":{"name":"<instance_members_initializer>","decl":{"start":{"line":9,"column":12},"end":{"line":9,"column":30}},"loc":{"start":{"line":9,"column":12},"end":{"line":9,"column":30}},"line":9},"1":{"name":"MusicLibrary","decl":{"start":{"line":17,"column":4},"end":{"line":19,"column":5}},"loc":{"start":{"line":17,"column":4},"end":{"line":19,"column":5}},"line":17},"2":{"name":"get getLibrary","decl":{"start":{"line":21,"column":4},"end":{"line":23,"column":5}},"loc":{"start":{"line":21,"column":4},"end":{"line":23,"column":5}},"line":21},"3":{"name":"addArtist","decl":{"start":{"line":30,"column":4},"end":{"line":32,"column":5}},"loc":{"start":{"line":30,"column":4},"end":{"line":32,"column":5}},"line":30},"4":{"name":"findArtist","decl":{"start":{"line":41,"column":4},"end":{"line":43,"column":5}},"loc":{"start":{"line":41,"column":4},"end":{"line":43,"column":5}},"line":41},"5":{"name":"findAlbum","decl":{"start":{"line":52,"column":4},"end":{"line":61,"column":5}},"loc":{"start":{"line":52,"column":4},"end":{"line":61,"column":5}},"line":52},"6":{"name":"findSong","decl":{"start":{"line":70,"column":4},"end":{"line":86,"column":5}},"loc":{"start":{"line":70,"column":4},"end":{"line":86,"column":5}},"line":70},"7":{"name":"displayLibrary","decl":{"start":{"line":91,"column":4},"end":{"line":93,"column":5}},"loc":{"start":{"line":91,"column":4},"end":{"line":93,"column":5}},"line":91},"8":{"name":"getSongs","decl":{"start":{"line":100,"column":4},"end":{"line":113,"column":5}},"loc":{"start":{"line":100,"column":4},"end":{"line":113,"column":5}},"line":100},"9":{"name":"getDuration","decl":{"start":{"line":121,"column":4},"end":{"line":134,"column":5}},"loc":{"start":{"line":121,"column":4},"end":{"line":134,"column":5}},"line":121},"10":{"name":"getTotalPlays","decl":{"start":{"line":143,"column":4},"end":{"line":156,"column":5}},"loc":{"start":{"line":143,"column":4},"end":{"line":156,"column":5}},"line":143}},"f":{"0":10,"1":10,"2":11,"3":2,"4":2,"5":2,"6":2,"7":0,"8":1,"9":1,"10":1}}
,"/home/usuario/prct05-objects-classes-interfaces-AMM011/src/ejercicio-2/Song.ts": {"path":"/home/usuario/prct05-objects-classes-interfaces-AMM011/src/ejercicio-2/Song.ts","all":false,"statementMap":{"28":{"start":{"line":29,"column":0},"end":{"line":29,"column":36}},"39":{"start":{"line":40,"column":0},"end":{"line":40,"column":144}},"40":{"start":{"line":41,"column":0},"end":{"line":41,"column":25}},"41":{"start":{"line":42,"column":0},"end":{"line":42,"column":33}},"42":{"start":{"line":43,"column":0},"end":{"line":43,"column":27}},"43":{"start":{"line":44,"column":0},"end":{"line":44,"column":29}},"44":{"start":{"line":45,"column":0},"end":{"line":45,"column":27}},"45":{"start":{"line":46,"column":0},"end":{"line":46,"column":5}},"50":{"start":{"line":51,"column":0},"end":{"line":51,"column":31}},"51":{"start":{"line":52,"column":0},"end":{"line":52,"column":25}},"52":{"start":{"line":53,"column":0},"end":{"line":53,"column":5}},"56":{"start":{"line":57,"column":0},"end":{"line":57,"column":35}},"57":{"start":{"line":58,"column":0},"end":{"line":58,"column":29}},"58":{"start":{"line":59,"column":0},"end":{"line":59,"column":5}},"62":{"start":{"line":63,"column":0},"end":{"line":63,"column":45}},"63":{"start":{"line":64,"column":0},"end":{"line":64,"column":26}},"64":{"start":{"line":65,"column":0},"end":{"line":65,"column":5}},"68":{"start":{"line":69,"column":0},"end":{"line":69,"column":34}},"69":{"start":{"line":70,"column":0},"end":{"line":70,"column":27}},"70":{"start":{"line":71,"column":0},"end":{"line":71,"column":5}},"74":{"start":{"line":75,"column":0},"end":{"line":75,"column":32}},"75":{"start":{"line":76,"column":0},"end":{"line":76,"column":26}},"76":{"start":{"line":77,"column":0},"end":{"line":77,"column":5}},"77":{"start":{"line":78,"column":0},"end":{"line":78,"column":1}}},"s":{"28":1,"39":1,"40":21,"41":21,"42":21,"43":21,"44":21,"45":21,"50":1,"51":6,"52":6,"56":1,"57":2,"58":2,"62":1,"63":0,"64":0,"68":1,"69":0,"70":0,"74":1,"75":2,"76":2,"77":1},"branchMap":{"0":{"type":"branch","line":40,"loc":{"start":{"line":40,"column":4},"end":{"line":46,"column":5}},"locations":[{"start":{"line":40,"column":4},"end":{"line":46,"column":5}}]},"1":{"type":"branch","line":51,"loc":{"start":{"line":51,"column":4},"end":{"line":53,"column":5}},"locations":[{"start":{"line":51,"column":4},"end":{"line":53,"column":5}}]},"2":{"type":"branch","line":57,"loc":{"start":{"line":57,"column":4},"end":{"line":59,"column":5}},"locations":[{"start":{"line":57,"column":4},"end":{"line":59,"column":5}}]},"3":{"type":"branch","line":75,"loc":{"start":{"line":75,"column":4},"end":{"line":77,"column":5}},"locations":[{"start":{"line":75,"column":4},"end":{"line":77,"column":5}}]}},"b":{"0":[21],"1":[6],"2":[2],"3":[2]},"fnMap":{"0":{"name":"Song","decl":{"start":{"line":40,"column":4},"end":{"line":46,"column":5}},"loc":{"start":{"line":40,"column":4},"end":{"line":46,"column":5}},"line":40},"1":{"name":"get getNameSong","decl":{"start":{"line":51,"column":4},"end":{"line":53,"column":5}},"loc":{"start":{"line":51,"column":4},"end":{"line":53,"column":5}},"line":51},"2":{"name":"get getDurationSong","decl":{"start":{"line":57,"column":4},"end":{"line":59,"column":5}},"loc":{"start":{"line":57,"column":4},"end":{"line":59,"column":5}},"line":57},"3":{"name":"get getGenreSong","decl":{"start":{"line":63,"column":4},"end":{"line":65,"column":5}},"loc":{"start":{"line":63,"column":4},"end":{"line":65,"column":5}},"line":63},"4":{"name":"get getSingleSong","decl":{"start":{"line":69,"column":4},"end":{"line":71,"column":5}},"loc":{"start":{"line":69,"column":4},"end":{"line":71,"column":5}},"line":69},"5":{"name":"get getPlaysSong","decl":{"start":{"line":75,"column":4},"end":{"line":77,"column":5}},"loc":{"start":{"line":75,"column":4},"end":{"line":77,"column":5}},"line":75}},"f":{"0":21,"1":6,"2":2,"3":0,"4":0,"5":2}}
}
